{"D:\\cs4218-2510-ecom-project-team015\\client\\src\\components\\AdminMenu.js": {"path":"D:\\cs4218-2510-ecom-project-team015\\client\\src\\components\\AdminMenu.js","statementMap":{"0":{"start":{"line":3,"column":18},"end":{"line":37,"column":1}},"1":{"start":{"line":4,"column":1},"end":{"line":36,"column":3}}},"fnMap":{"0":{"name":"(anonymous_0)","decl":{"start":{"line":3,"column":18},"end":{"line":3,"column":19}},"loc":{"start":{"line":3,"column":24},"end":{"line":37,"column":1}},"line":3}},"branchMap":{},"s":{"0":2,"1":9},"f":{"0":9},"b":{},"_coverageSchema":"1a1c01bbd47fc00a2c39e90264f33305004495a9","hash":"042a735144782a394b27e5cbc15e78b10a3d6d17"}
,"D:\\cs4218-2510-ecom-project-team015\\client\\src\\components\\Footer.js": {"path":"D:\\cs4218-2510-ecom-project-team015\\client\\src\\components\\Footer.js","statementMap":{"0":{"start":{"line":4,"column":15},"end":{"line":14,"column":1}},"1":{"start":{"line":5,"column":2},"end":{"line":13,"column":4}}},"fnMap":{"0":{"name":"(anonymous_0)","decl":{"start":{"line":4,"column":15},"end":{"line":4,"column":16}},"loc":{"start":{"line":4,"column":21},"end":{"line":14,"column":1}},"line":4}},"branchMap":{},"s":{"0":4,"1":74},"f":{"0":74},"b":{},"_coverageSchema":"1a1c01bbd47fc00a2c39e90264f33305004495a9","hash":"fc68f56fe93374d71e7f8b2e43d6e1e6d6224c42"}
,"D:\\cs4218-2510-ecom-project-team015\\client\\src\\components\\Header.js": {"path":"D:\\cs4218-2510-ecom-project-team015\\client\\src\\components\\Header.js","statementMap":{"0":{"start":{"line":10,"column":15},"end":{"line":138,"column":1}},"1":{"start":{"line":11,"column":26},"end":{"line":11,"column":35}},"2":{"start":{"line":12,"column":17},"end":{"line":12,"column":26}},"3":{"start":{"line":13,"column":21},"end":{"line":13,"column":34}},"4":{"start":{"line":14,"column":23},"end":{"line":22,"column":3}},"5":{"start":{"line":15,"column":4},"end":{"line":19,"column":7}},"6":{"start":{"line":20,"column":4},"end":{"line":20,"column":36}},"7":{"start":{"line":21,"column":4},"end":{"line":21,"column":41}},"8":{"start":{"line":23,"column":2},"end":{"line":137,"column":4}},"9":{"start":{"line":64,"column":20},"end":{"line":71,"column":25}}},"fnMap":{"0":{"name":"(anonymous_0)","decl":{"start":{"line":10,"column":15},"end":{"line":10,"column":16}},"loc":{"start":{"line":10,"column":21},"end":{"line":138,"column":1}},"line":10},"1":{"name":"(anonymous_1)","decl":{"start":{"line":14,"column":23},"end":{"line":14,"column":24}},"loc":{"start":{"line":14,"column":29},"end":{"line":22,"column":3}},"line":14},"2":{"name":"(anonymous_2)","decl":{"start":{"line":63,"column":35},"end":{"line":63,"column":36}},"loc":{"start":{"line":64,"column":20},"end":{"line":71,"column":25}},"line":64}},"branchMap":{"0":{"loc":{"start":{"line":76,"column":15},"end":{"line":124,"column":15}},"type":"cond-expr","locations":[{"start":{"line":77,"column":16},"end":{"line":88,"column":19}},{"start":{"line":90,"column":16},"end":{"line":123,"column":19}}],"line":76},"1":{"loc":{"start":{"line":105,"column":28},"end":{"line":105,"column":69}},"type":"cond-expr","locations":[{"start":{"line":105,"column":53},"end":{"line":105,"column":60}},{"start":{"line":105,"column":63},"end":{"line":105,"column":69}}],"line":105}},"s":{"0":4,"1":79,"2":79,"3":79,"4":79,"5":1,"6":1,"7":1,"8":79,"9":2},"f":{"0":79,"1":1,"2":2},"b":{"0":[76,3],"1":[1,2]},"_coverageSchema":"1a1c01bbd47fc00a2c39e90264f33305004495a9","hash":"a999359a75767b6089452cfda747174ac091a472"}
,"D:\\cs4218-2510-ecom-project-team015\\client\\src\\components\\Layout.js": {"path":"D:\\cs4218-2510-ecom-project-team015\\client\\src\\components\\Layout.js","statementMap":{"0":{"start":{"line":8,"column":15},"end":{"line":32,"column":1}},"1":{"start":{"line":15,"column":2},"end":{"line":31,"column":4}}},"fnMap":{"0":{"name":"(anonymous_0)","decl":{"start":{"line":8,"column":15},"end":{"line":8,"column":16}},"loc":{"start":{"line":14,"column":8},"end":{"line":32,"column":1}},"line":14}},"branchMap":{"0":{"loc":{"start":{"line":10,"column":4},"end":{"line":10,"column":38}},"type":"default-arg","locations":[{"start":{"line":10,"column":12},"end":{"line":10,"column":38}}],"line":10},"1":{"loc":{"start":{"line":11,"column":4},"end":{"line":11,"column":38}},"type":"default-arg","locations":[{"start":{"line":11,"column":18},"end":{"line":11,"column":38}}],"line":11},"2":{"loc":{"start":{"line":12,"column":4},"end":{"line":12,"column":40}},"type":"default-arg","locations":[{"start":{"line":12,"column":15},"end":{"line":12,"column":40}}],"line":12},"3":{"loc":{"start":{"line":13,"column":4},"end":{"line":13,"column":25}},"type":"default-arg","locations":[{"start":{"line":13,"column":13},"end":{"line":13,"column":25}}],"line":13}},"s":{"0":4,"1":73},"f":{"0":73},"b":{"0":[1],"1":[73],"2":[73],"3":[73]},"_coverageSchema":"1a1c01bbd47fc00a2c39e90264f33305004495a9","hash":"b800d9da8848e84850dba985437d60ff9bc1d2a8"}
,"D:\\cs4218-2510-ecom-project-team015\\client\\src\\components\\Spinner.js": {"path":"D:\\cs4218-2510-ecom-project-team015\\client\\src\\components\\Spinner.js","statementMap":{"0":{"start":{"line":3,"column":16},"end":{"line":30,"column":1}},"1":{"start":{"line":4,"column":28},"end":{"line":4,"column":39}},"2":{"start":{"line":5,"column":19},"end":{"line":5,"column":32}},"3":{"start":{"line":6,"column":19},"end":{"line":6,"column":32}},"4":{"start":{"line":8,"column":2},"end":{"line":16,"column":34}},"5":{"start":{"line":9,"column":21},"end":{"line":11,"column":12}},"6":{"start":{"line":10,"column":6},"end":{"line":10,"column":43}},"7":{"start":{"line":10,"column":30},"end":{"line":10,"column":41}},"8":{"start":{"line":12,"column":4},"end":{"line":14,"column":9}},"9":{"start":{"line":15,"column":4},"end":{"line":15,"column":41}},"10":{"start":{"line":15,"column":17},"end":{"line":15,"column":40}},"11":{"start":{"line":17,"column":2},"end":{"line":29,"column":4}}},"fnMap":{"0":{"name":"(anonymous_0)","decl":{"start":{"line":3,"column":16},"end":{"line":3,"column":17}},"loc":{"start":{"line":3,"column":40},"end":{"line":30,"column":1}},"line":3},"1":{"name":"(anonymous_1)","decl":{"start":{"line":8,"column":12},"end":{"line":8,"column":13}},"loc":{"start":{"line":8,"column":18},"end":{"line":16,"column":3}},"line":8},"2":{"name":"(anonymous_2)","decl":{"start":{"line":9,"column":33},"end":{"line":9,"column":34}},"loc":{"start":{"line":9,"column":39},"end":{"line":11,"column":5}},"line":9},"3":{"name":"(anonymous_3)","decl":{"start":{"line":10,"column":15},"end":{"line":10,"column":16}},"loc":{"start":{"line":10,"column":30},"end":{"line":10,"column":41}},"line":10},"4":{"name":"(anonymous_4)","decl":{"start":{"line":15,"column":11},"end":{"line":15,"column":12}},"loc":{"start":{"line":15,"column":17},"end":{"line":15,"column":40}},"line":15}},"branchMap":{"0":{"loc":{"start":{"line":3,"column":19},"end":{"line":3,"column":33}},"type":"default-arg","locations":[{"start":{"line":3,"column":26},"end":{"line":3,"column":33}}],"line":3},"1":{"loc":{"start":{"line":12,"column":4},"end":{"line":14,"column":8}},"type":"binary-expr","locations":[{"start":{"line":12,"column":4},"end":{"line":12,"column":15}},{"start":{"line":12,"column":19},"end":{"line":14,"column":8}}],"line":12}},"s":{"0":1,"1":6,"2":6,"3":6,"4":6,"5":6,"6":6,"7":6,"8":6,"9":6,"10":6,"11":6},"f":{"0":6,"1":6,"2":6,"3":6,"4":6},"b":{"0":[2],"1":[6,2]},"_coverageSchema":"1a1c01bbd47fc00a2c39e90264f33305004495a9","hash":"2b12402232b7f068fc9758d3796dd90a6ffccbe3"}
,"D:\\cs4218-2510-ecom-project-team015\\client\\src\\components\\UserMenu.js": {"path":"D:\\cs4218-2510-ecom-project-team015\\client\\src\\components\\UserMenu.js","statementMap":{"0":{"start":{"line":3,"column":17},"end":{"line":25,"column":1}},"1":{"start":{"line":4,"column":2},"end":{"line":24,"column":4}}},"fnMap":{"0":{"name":"(anonymous_0)","decl":{"start":{"line":3,"column":17},"end":{"line":3,"column":18}},"loc":{"start":{"line":3,"column":23},"end":{"line":25,"column":1}},"line":3}},"branchMap":{},"s":{"0":3,"1":10},"f":{"0":10},"b":{},"_coverageSchema":"1a1c01bbd47fc00a2c39e90264f33305004495a9","hash":"a48dc1078c1765883e6d4878155791567d1f2700"}
,"D:\\cs4218-2510-ecom-project-team015\\client\\src\\components\\Form\\CategoryForm.js": {"path":"D:\\cs4218-2510-ecom-project-team015\\client\\src\\components\\Form\\CategoryForm.js","statementMap":{"0":{"start":{"line":3,"column":21},"end":{"line":23,"column":1}},"1":{"start":{"line":4,"column":2},"end":{"line":22,"column":4}},"2":{"start":{"line":13,"column":29},"end":{"line":13,"column":53}}},"fnMap":{"0":{"name":"(anonymous_0)","decl":{"start":{"line":3,"column":21},"end":{"line":3,"column":22}},"loc":{"start":{"line":3,"column":60},"end":{"line":23,"column":1}},"line":3},"1":{"name":"(anonymous_1)","decl":{"start":{"line":13,"column":22},"end":{"line":13,"column":23}},"loc":{"start":{"line":13,"column":29},"end":{"line":13,"column":53}},"line":13}},"branchMap":{},"s":{"0":1,"1":5,"2":1},"f":{"0":5,"1":1},"b":{},"_coverageSchema":"1a1c01bbd47fc00a2c39e90264f33305004495a9","hash":"ebc62570dbaff52d0e4da77b96c5548b6b2cd0a1"}
,"D:\\cs4218-2510-ecom-project-team015\\client\\src\\components\\Form\\SearchInput.js": {"path":"D:\\cs4218-2510-ecom-project-team015\\client\\src\\components\\Form\\SearchInput.js","statementMap":{"0":{"start":{"line":5,"column":20},"end":{"line":38,"column":1}},"1":{"start":{"line":6,"column":30},"end":{"line":6,"column":41}},"2":{"start":{"line":7,"column":19},"end":{"line":7,"column":32}},"3":{"start":{"line":9,"column":23},"end":{"line":20,"column":3}},"4":{"start":{"line":10,"column":4},"end":{"line":10,"column":23}},"5":{"start":{"line":11,"column":4},"end":{"line":19,"column":5}},"6":{"start":{"line":12,"column":23},"end":{"line":14,"column":7}},"7":{"start":{"line":15,"column":6},"end":{"line":15,"column":46}},"8":{"start":{"line":16,"column":6},"end":{"line":16,"column":26}},"9":{"start":{"line":18,"column":6},"end":{"line":18,"column":25}},"10":{"start":{"line":21,"column":2},"end":{"line":37,"column":4}},"11":{"start":{"line":30,"column":27},"end":{"line":30,"column":76}}},"fnMap":{"0":{"name":"(anonymous_0)","decl":{"start":{"line":5,"column":20},"end":{"line":5,"column":21}},"loc":{"start":{"line":5,"column":26},"end":{"line":38,"column":1}},"line":5},"1":{"name":"(anonymous_1)","decl":{"start":{"line":9,"column":23},"end":{"line":9,"column":24}},"loc":{"start":{"line":9,"column":36},"end":{"line":20,"column":3}},"line":9},"2":{"name":"(anonymous_2)","decl":{"start":{"line":30,"column":20},"end":{"line":30,"column":21}},"loc":{"start":{"line":30,"column":27},"end":{"line":30,"column":76}},"line":30}},"branchMap":{},"s":{"0":5,"1":85,"2":85,"3":85,"4":3,"5":3,"6":3,"7":1,"8":1,"9":2,"10":85,"11":1},"f":{"0":85,"1":3,"2":1},"b":{},"_coverageSchema":"1a1c01bbd47fc00a2c39e90264f33305004495a9","hash":"00f0287362501df018904ca627da0a33b8ecbe49"}
,"D:\\cs4218-2510-ecom-project-team015\\client\\src\\components\\Routes\\Private.js": {"path":"D:\\cs4218-2510-ecom-project-team015\\client\\src\\components\\Routes\\Private.js","statementMap":{"0":{"start":{"line":10,"column":23},"end":{"line":10,"column":38}},"1":{"start":{"line":11,"column":27},"end":{"line":11,"column":36}},"2":{"start":{"line":14,"column":4},"end":{"line":26,"column":22}},"3":{"start":{"line":15,"column":26},"end":{"line":24,"column":9}},"4":{"start":{"line":16,"column":12},"end":{"line":22,"column":13}},"5":{"start":{"line":17,"column":28},"end":{"line":17,"column":69}},"6":{"start":{"line":18,"column":16},"end":{"line":18,"column":35}},"7":{"start":{"line":20,"column":16},"end":{"line":20,"column":89}},"8":{"start":{"line":21,"column":16},"end":{"line":21,"column":29}},"9":{"start":{"line":25,"column":8},"end":{"line":25,"column":37}},"10":{"start":{"line":25,"column":25},"end":{"line":25,"column":37}},"11":{"start":{"line":28,"column":4},"end":{"line":28,"column":48}}},"fnMap":{"0":{"name":"PrivateRoute","decl":{"start":{"line":9,"column":24},"end":{"line":9,"column":36}},"loc":{"start":{"line":9,"column":38},"end":{"line":29,"column":1}},"line":9},"1":{"name":"(anonymous_1)","decl":{"start":{"line":14,"column":14},"end":{"line":14,"column":15}},"loc":{"start":{"line":14,"column":19},"end":{"line":26,"column":5}},"line":14},"2":{"name":"(anonymous_2)","decl":{"start":{"line":15,"column":26},"end":{"line":15,"column":27}},"loc":{"start":{"line":15,"column":37},"end":{"line":24,"column":9}},"line":15}},"branchMap":{"0":{"loc":{"start":{"line":25,"column":8},"end":{"line":25,"column":37}},"type":"if","locations":[{"start":{"line":25,"column":8},"end":{"line":25,"column":37}},{"start":{},"end":{}}],"line":25},"1":{"loc":{"start":{"line":28,"column":11},"end":{"line":28,"column":47}},"type":"cond-expr","locations":[{"start":{"line":28,"column":16},"end":{"line":28,"column":26}},{"start":{"line":28,"column":29},"end":{"line":28,"column":47}}],"line":28}},"s":{"0":5,"1":5,"2":5,"3":4,"4":3,"5":3,"6":2,"7":1,"8":1,"9":4,"10":3,"11":5},"f":{"0":5,"1":4,"2":3},"b":{"0":[3,1],"1":[1,4]},"_coverageSchema":"1a1c01bbd47fc00a2c39e90264f33305004495a9","hash":"9e99c68640efcc97842071fe02b88f82846c2e76"}
,"D:\\cs4218-2510-ecom-project-team015\\client\\src\\context\\auth.js": {"path":"D:\\cs4218-2510-ecom-project-team015\\client\\src\\context\\auth.js","statementMap":{"0":{"start":{"line":5,"column":20},"end":{"line":5,"column":35}},"1":{"start":{"line":7,"column":21},"end":{"line":33,"column":1}},"2":{"start":{"line":8,"column":28},"end":{"line":11,"column":6}},"3":{"start":{"line":14,"column":4},"end":{"line":14,"column":65}},"4":{"start":{"line":16,"column":4},"end":{"line":27,"column":11}},"5":{"start":{"line":17,"column":20},"end":{"line":17,"column":48}},"6":{"start":{"line":18,"column":7},"end":{"line":25,"column":8}},"7":{"start":{"line":19,"column":26},"end":{"line":19,"column":42}},"8":{"start":{"line":20,"column":8},"end":{"line":24,"column":11}},"9":{"start":{"line":28,"column":4},"end":{"line":32,"column":6}},"10":{"start":{"line":36,"column":16},"end":{"line":36,"column":45}},"11":{"start":{"line":36,"column":22},"end":{"line":36,"column":45}}},"fnMap":{"0":{"name":"(anonymous_0)","decl":{"start":{"line":7,"column":21},"end":{"line":7,"column":22}},"loc":{"start":{"line":7,"column":39},"end":{"line":33,"column":1}},"line":7},"1":{"name":"(anonymous_1)","decl":{"start":{"line":16,"column":14},"end":{"line":16,"column":15}},"loc":{"start":{"line":16,"column":20},"end":{"line":27,"column":5}},"line":16},"2":{"name":"(anonymous_2)","decl":{"start":{"line":36,"column":16},"end":{"line":36,"column":17}},"loc":{"start":{"line":36,"column":22},"end":{"line":36,"column":45}},"line":36}},"branchMap":{"0":{"loc":{"start":{"line":18,"column":7},"end":{"line":25,"column":8}},"type":"if","locations":[{"start":{"line":18,"column":7},"end":{"line":25,"column":8}},{"start":{},"end":{}}],"line":18}},"s":{"0":6,"1":6,"2":3,"3":3,"4":3,"5":2,"6":2,"7":1,"8":1,"9":3,"10":6,"11":3},"f":{"0":3,"1":2,"2":3},"b":{"0":[1,1]},"_coverageSchema":"1a1c01bbd47fc00a2c39e90264f33305004495a9","hash":"97914a8bf94822e16c760358f84a79c6581090f1"}
,"D:\\cs4218-2510-ecom-project-team015\\client\\src\\context\\search.js": {"path":"D:\\cs4218-2510-ecom-project-team015\\client\\src\\context\\search.js","statementMap":{"0":{"start":{"line":5,"column":22},"end":{"line":5,"column":37}},"1":{"start":{"line":6,"column":23},"end":{"line":17,"column":1}},"2":{"start":{"line":7,"column":25},"end":{"line":10,"column":3}},"3":{"start":{"line":12,"column":1},"end":{"line":16,"column":3}},"4":{"start":{"line":20,"column":18},"end":{"line":20,"column":49}},"5":{"start":{"line":20,"column":24},"end":{"line":20,"column":49}}},"fnMap":{"0":{"name":"(anonymous_0)","decl":{"start":{"line":6,"column":23},"end":{"line":6,"column":24}},"loc":{"start":{"line":6,"column":41},"end":{"line":17,"column":1}},"line":6},"1":{"name":"(anonymous_1)","decl":{"start":{"line":20,"column":18},"end":{"line":20,"column":19}},"loc":{"start":{"line":20,"column":24},"end":{"line":20,"column":49}},"line":20}},"branchMap":{},"s":{"0":2,"1":2,"2":3,"3":3,"4":2,"5":3},"f":{"0":3,"1":3},"b":{},"_coverageSchema":"1a1c01bbd47fc00a2c39e90264f33305004495a9","hash":"d33763fd2699ba0c04ce219113be012aead2684b"}
,"D:\\cs4218-2510-ecom-project-team015\\client\\src\\pages\\About.js": {"path":"D:\\cs4218-2510-ecom-project-team015\\client\\src\\pages\\About.js","statementMap":{"0":{"start":{"line":4,"column":14},"end":{"line":23,"column":1}},"1":{"start":{"line":5,"column":2},"end":{"line":22,"column":4}}},"fnMap":{"0":{"name":"(anonymous_0)","decl":{"start":{"line":4,"column":14},"end":{"line":4,"column":15}},"loc":{"start":{"line":4,"column":20},"end":{"line":23,"column":1}},"line":4}},"branchMap":{},"s":{"0":1,"1":3},"f":{"0":3},"b":{},"_coverageSchema":"1a1c01bbd47fc00a2c39e90264f33305004495a9","hash":"22ed7f18aa45491b5c446af97121abf04ba6d093"}
,"D:\\cs4218-2510-ecom-project-team015\\client\\src\\pages\\CategoryProduct.js": {"path":"D:\\cs4218-2510-ecom-project-team015\\client\\src\\pages\\CategoryProduct.js","statementMap":{"0":{"start":{"line":6,"column":24},"end":{"line":98,"column":1}},"1":{"start":{"line":7,"column":17},"end":{"line":7,"column":28}},"2":{"start":{"line":8,"column":19},"end":{"line":8,"column":32}},"3":{"start":{"line":9,"column":34},"end":{"line":9,"column":46}},"4":{"start":{"line":10,"column":34},"end":{"line":10,"column":46}},"5":{"start":{"line":12,"column":2},"end":{"line":14,"column":21}},"6":{"start":{"line":13,"column":4},"end":{"line":13,"column":40}},"7":{"start":{"line":13,"column":22},"end":{"line":13,"column":40}},"8":{"start":{"line":15,"column":26},"end":{"line":25,"column":3}},"9":{"start":{"line":16,"column":4},"end":{"line":24,"column":5}},"10":{"start":{"line":17,"column":23},"end":{"line":19,"column":7}},"11":{"start":{"line":20,"column":6},"end":{"line":20,"column":34}},"12":{"start":{"line":21,"column":6},"end":{"line":21,"column":34}},"13":{"start":{"line":23,"column":6},"end":{"line":23,"column":25}},"14":{"start":{"line":27,"column":2},"end":{"line":97,"column":4}},"15":{"start":{"line":36,"column":16},"end":{"line":77,"column":22}},"16":{"start":{"line":58,"column":39},"end":{"line":58,"column":69}}},"fnMap":{"0":{"name":"(anonymous_0)","decl":{"start":{"line":6,"column":24},"end":{"line":6,"column":25}},"loc":{"start":{"line":6,"column":30},"end":{"line":98,"column":1}},"line":6},"1":{"name":"(anonymous_1)","decl":{"start":{"line":12,"column":12},"end":{"line":12,"column":13}},"loc":{"start":{"line":12,"column":18},"end":{"line":14,"column":3}},"line":12},"2":{"name":"(anonymous_2)","decl":{"start":{"line":15,"column":26},"end":{"line":15,"column":27}},"loc":{"start":{"line":15,"column":38},"end":{"line":25,"column":3}},"line":15},"3":{"name":"(anonymous_3)","decl":{"start":{"line":35,"column":29},"end":{"line":35,"column":30}},"loc":{"start":{"line":36,"column":16},"end":{"line":77,"column":22}},"line":36},"4":{"name":"(anonymous_4)","decl":{"start":{"line":58,"column":33},"end":{"line":58,"column":34}},"loc":{"start":{"line":58,"column":39},"end":{"line":58,"column":69}},"line":58}},"branchMap":{"0":{"loc":{"start":{"line":13,"column":4},"end":{"line":13,"column":40}},"type":"if","locations":[{"start":{"line":13,"column":4},"end":{"line":13,"column":40}},{"start":{},"end":{}}],"line":13}},"s":{"0":1,"1":12,"2":12,"3":12,"4":12,"5":12,"6":7,"7":6,"8":12,"9":6,"10":6,"11":5,"12":5,"13":1,"14":12,"15":5,"16":1},"f":{"0":12,"1":7,"2":6,"3":5,"4":1},"b":{"0":[6,1]},"_coverageSchema":"1a1c01bbd47fc00a2c39e90264f33305004495a9","hash":"17f88f1266de8bd6e871490e757c502faca8f3b0"}
,"D:\\cs4218-2510-ecom-project-team015\\client\\src\\pages\\Contact.js": {"path":"D:\\cs4218-2510-ecom-project-team015\\client\\src\\pages\\Contact.js","statementMap":{"0":{"start":{"line":5,"column":16},"end":{"line":35,"column":1}},"1":{"start":{"line":6,"column":2},"end":{"line":34,"column":4}}},"fnMap":{"0":{"name":"(anonymous_0)","decl":{"start":{"line":5,"column":16},"end":{"line":5,"column":17}},"loc":{"start":{"line":5,"column":22},"end":{"line":35,"column":1}},"line":5}},"branchMap":{},"s":{"0":1,"1":7},"f":{"0":7},"b":{},"_coverageSchema":"1a1c01bbd47fc00a2c39e90264f33305004495a9","hash":"8403e9473962edea5917a3d0ef442da90f192de2"}
,"D:\\cs4218-2510-ecom-project-team015\\client\\src\\pages\\HomePage.js": {"path":"D:\\cs4218-2510-ecom-project-team015\\client\\src\\pages\\HomePage.js","statementMap":{"0":{"start":{"line":12,"column":17},"end":{"line":224,"column":1}},"1":{"start":{"line":13,"column":19},"end":{"line":13,"column":32}},"2":{"start":{"line":14,"column":26},"end":{"line":14,"column":35}},"3":{"start":{"line":15,"column":34},"end":{"line":15,"column":46}},"4":{"start":{"line":16,"column":38},"end":{"line":16,"column":50}},"5":{"start":{"line":17,"column":32},"end":{"line":17,"column":44}},"6":{"start":{"line":18,"column":28},"end":{"line":18,"column":40}},"7":{"start":{"line":19,"column":28},"end":{"line":19,"column":39}},"8":{"start":{"line":20,"column":26},"end":{"line":20,"column":37}},"9":{"start":{"line":21,"column":32},"end":{"line":21,"column":47}},"10":{"start":{"line":24,"column":25},"end":{"line":33,"column":3}},"11":{"start":{"line":25,"column":4},"end":{"line":32,"column":5}},"12":{"start":{"line":26,"column":23},"end":{"line":26,"column":71}},"13":{"start":{"line":27,"column":6},"end":{"line":29,"column":7}},"14":{"start":{"line":28,"column":8},"end":{"line":28,"column":38}},"15":{"start":{"line":31,"column":6},"end":{"line":31,"column":25}},"16":{"start":{"line":35,"column":2},"end":{"line":38,"column":9}},"17":{"start":{"line":36,"column":4},"end":{"line":36,"column":21}},"18":{"start":{"line":37,"column":4},"end":{"line":37,"column":15}},"19":{"start":{"line":40,"column":25},"end":{"line":50,"column":3}},"20":{"start":{"line":41,"column":4},"end":{"line":49,"column":5}},"21":{"start":{"line":42,"column":6},"end":{"line":42,"column":23}},"22":{"start":{"line":43,"column":23},"end":{"line":43,"column":78}},"23":{"start":{"line":44,"column":6},"end":{"line":44,"column":24}},"24":{"start":{"line":45,"column":6},"end":{"line":45,"column":33}},"25":{"start":{"line":47,"column":6},"end":{"line":47,"column":24}},"26":{"start":{"line":48,"column":6},"end":{"line":48,"column":25}},"27":{"start":{"line":53,"column":19},"end":{"line":60,"column":3}},"28":{"start":{"line":54,"column":4},"end":{"line":59,"column":5}},"29":{"start":{"line":55,"column":23},"end":{"line":55,"column":71}},"30":{"start":{"line":56,"column":6},"end":{"line":56,"column":28}},"31":{"start":{"line":58,"column":6},"end":{"line":58,"column":25}},"32":{"start":{"line":62,"column":2},"end":{"line":65,"column":13}},"33":{"start":{"line":63,"column":4},"end":{"line":63,"column":27}},"34":{"start":{"line":63,"column":20},"end":{"line":63,"column":27}},"35":{"start":{"line":64,"column":4},"end":{"line":64,"column":15}},"36":{"start":{"line":67,"column":19},"end":{"line":77,"column":3}},"37":{"start":{"line":68,"column":4},"end":{"line":76,"column":5}},"38":{"start":{"line":69,"column":6},"end":{"line":69,"column":23}},"39":{"start":{"line":70,"column":23},"end":{"line":70,"column":78}},"40":{"start":{"line":71,"column":6},"end":{"line":71,"column":24}},"41":{"start":{"line":72,"column":6},"end":{"line":72,"column":52}},"42":{"start":{"line":74,"column":6},"end":{"line":74,"column":25}},"43":{"start":{"line":75,"column":6},"end":{"line":75,"column":24}},"44":{"start":{"line":80,"column":23},"end":{"line":88,"column":3}},"45":{"start":{"line":81,"column":14},"end":{"line":81,"column":26}},"46":{"start":{"line":82,"column":4},"end":{"line":86,"column":5}},"47":{"start":{"line":83,"column":6},"end":{"line":83,"column":19}},"48":{"start":{"line":85,"column":6},"end":{"line":85,"column":40}},"49":{"start":{"line":85,"column":30},"end":{"line":85,"column":38}},"50":{"start":{"line":87,"column":4},"end":{"line":87,"column":20}},"51":{"start":{"line":89,"column":2},"end":{"line":91,"column":37}},"52":{"start":{"line":90,"column":4},"end":{"line":90,"column":59}},"53":{"start":{"line":90,"column":42},"end":{"line":90,"column":59}},"54":{"start":{"line":93,"column":2},"end":{"line":95,"column":23}},"55":{"start":{"line":94,"column":4},"end":{"line":94,"column":56}},"56":{"start":{"line":94,"column":40},"end":{"line":94,"column":56}},"57":{"start":{"line":98,"column":24},"end":{"line":108,"column":3}},"58":{"start":{"line":99,"column":4},"end":{"line":107,"column":5}},"59":{"start":{"line":100,"column":23},"end":{"line":103,"column":8}},"60":{"start":{"line":104,"column":6},"end":{"line":104,"column":34}},"61":{"start":{"line":106,"column":6},"end":{"line":106,"column":25}},"62":{"start":{"line":109,"column":2},"end":{"line":223,"column":4}},"63":{"start":{"line":124,"column":14},"end":{"line":129,"column":25}},"64":{"start":{"line":126,"column":33},"end":{"line":126,"column":70}},"65":{"start":{"line":135,"column":42},"end":{"line":135,"column":66}},"66":{"start":{"line":137,"column":16},"end":{"line":139,"column":22}},"67":{"start":{"line":146,"column":29},"end":{"line":146,"column":53}},"68":{"start":{"line":156,"column":14},"end":{"line":197,"column":20}},"69":{"start":{"line":178,"column":37},"end":{"line":178,"column":67}},"70":{"start":{"line":185,"column":24},"end":{"line":185,"column":46}},"71":{"start":{"line":186,"column":24},"end":{"line":189,"column":26}},"72":{"start":{"line":190,"column":24},"end":{"line":190,"column":60}},"73":{"start":{"line":205,"column":18},"end":{"line":205,"column":37}},"74":{"start":{"line":206,"column":18},"end":{"line":206,"column":36}}},"fnMap":{"0":{"name":"(anonymous_0)","decl":{"start":{"line":12,"column":17},"end":{"line":12,"column":18}},"loc":{"start":{"line":12,"column":23},"end":{"line":224,"column":1}},"line":12},"1":{"name":"(anonymous_1)","decl":{"start":{"line":24,"column":25},"end":{"line":24,"column":26}},"loc":{"start":{"line":24,"column":37},"end":{"line":33,"column":3}},"line":24},"2":{"name":"(anonymous_2)","decl":{"start":{"line":35,"column":12},"end":{"line":35,"column":13}},"loc":{"start":{"line":35,"column":18},"end":{"line":38,"column":3}},"line":35},"3":{"name":"(anonymous_3)","decl":{"start":{"line":40,"column":25},"end":{"line":40,"column":26}},"loc":{"start":{"line":40,"column":37},"end":{"line":50,"column":3}},"line":40},"4":{"name":"(anonymous_4)","decl":{"start":{"line":53,"column":19},"end":{"line":53,"column":20}},"loc":{"start":{"line":53,"column":31},"end":{"line":60,"column":3}},"line":53},"5":{"name":"(anonymous_5)","decl":{"start":{"line":62,"column":12},"end":{"line":62,"column":13}},"loc":{"start":{"line":62,"column":18},"end":{"line":65,"column":3}},"line":62},"6":{"name":"(anonymous_6)","decl":{"start":{"line":67,"column":19},"end":{"line":67,"column":20}},"loc":{"start":{"line":67,"column":31},"end":{"line":77,"column":3}},"line":67},"7":{"name":"(anonymous_7)","decl":{"start":{"line":80,"column":23},"end":{"line":80,"column":24}},"loc":{"start":{"line":80,"column":38},"end":{"line":88,"column":3}},"line":80},"8":{"name":"(anonymous_8)","decl":{"start":{"line":85,"column":23},"end":{"line":85,"column":24}},"loc":{"start":{"line":85,"column":30},"end":{"line":85,"column":38}},"line":85},"9":{"name":"(anonymous_9)","decl":{"start":{"line":89,"column":12},"end":{"line":89,"column":13}},"loc":{"start":{"line":89,"column":18},"end":{"line":91,"column":3}},"line":89},"10":{"name":"(anonymous_10)","decl":{"start":{"line":93,"column":12},"end":{"line":93,"column":13}},"loc":{"start":{"line":93,"column":18},"end":{"line":95,"column":3}},"line":93},"11":{"name":"(anonymous_11)","decl":{"start":{"line":98,"column":24},"end":{"line":98,"column":25}},"loc":{"start":{"line":98,"column":36},"end":{"line":108,"column":3}},"line":98},"12":{"name":"(anonymous_12)","decl":{"start":{"line":123,"column":29},"end":{"line":123,"column":30}},"loc":{"start":{"line":124,"column":14},"end":{"line":129,"column":25}},"line":124},"13":{"name":"(anonymous_13)","decl":{"start":{"line":126,"column":26},"end":{"line":126,"column":27}},"loc":{"start":{"line":126,"column":33},"end":{"line":126,"column":70}},"line":126},"14":{"name":"(anonymous_14)","decl":{"start":{"line":135,"column":35},"end":{"line":135,"column":36}},"loc":{"start":{"line":135,"column":42},"end":{"line":135,"column":66}},"line":135},"15":{"name":"(anonymous_15)","decl":{"start":{"line":136,"column":27},"end":{"line":136,"column":28}},"loc":{"start":{"line":137,"column":16},"end":{"line":139,"column":22}},"line":137},"16":{"name":"(anonymous_16)","decl":{"start":{"line":146,"column":23},"end":{"line":146,"column":24}},"loc":{"start":{"line":146,"column":29},"end":{"line":146,"column":53}},"line":146},"17":{"name":"(anonymous_17)","decl":{"start":{"line":155,"column":27},"end":{"line":155,"column":28}},"loc":{"start":{"line":156,"column":14},"end":{"line":197,"column":20}},"line":156},"18":{"name":"(anonymous_18)","decl":{"start":{"line":178,"column":31},"end":{"line":178,"column":32}},"loc":{"start":{"line":178,"column":37},"end":{"line":178,"column":67}},"line":178},"19":{"name":"(anonymous_19)","decl":{"start":{"line":184,"column":31},"end":{"line":184,"column":32}},"loc":{"start":{"line":184,"column":37},"end":{"line":191,"column":23}},"line":184},"20":{"name":"(anonymous_20)","decl":{"start":{"line":204,"column":25},"end":{"line":204,"column":26}},"loc":{"start":{"line":204,"column":32},"end":{"line":207,"column":17}},"line":204}},"branchMap":{"0":{"loc":{"start":{"line":27,"column":6},"end":{"line":29,"column":7}},"type":"if","locations":[{"start":{"line":27,"column":6},"end":{"line":29,"column":7}},{"start":{},"end":{}}],"line":27},"1":{"loc":{"start":{"line":63,"column":4},"end":{"line":63,"column":27}},"type":"if","locations":[{"start":{"line":63,"column":4},"end":{"line":63,"column":27}},{"start":{},"end":{}}],"line":63},"2":{"loc":{"start":{"line":82,"column":4},"end":{"line":86,"column":5}},"type":"if","locations":[{"start":{"line":82,"column":4},"end":{"line":86,"column":5}},{"start":{"line":84,"column":11},"end":{"line":86,"column":5}}],"line":82},"3":{"loc":{"start":{"line":90,"column":4},"end":{"line":90,"column":59}},"type":"if","locations":[{"start":{"line":90,"column":4},"end":{"line":90,"column":59}},{"start":{},"end":{}}],"line":90},"4":{"loc":{"start":{"line":90,"column":8},"end":{"line":90,"column":40}},"type":"binary-expr","locations":[{"start":{"line":90,"column":8},"end":{"line":90,"column":23}},{"start":{"line":90,"column":27},"end":{"line":90,"column":40}}],"line":90},"5":{"loc":{"start":{"line":94,"column":4},"end":{"line":94,"column":56}},"type":"if","locations":[{"start":{"line":94,"column":4},"end":{"line":94,"column":56}},{"start":{},"end":{}}],"line":94},"6":{"loc":{"start":{"line":94,"column":8},"end":{"line":94,"column":38}},"type":"binary-expr","locations":[{"start":{"line":94,"column":8},"end":{"line":94,"column":22}},{"start":{"line":94,"column":26},"end":{"line":94,"column":38}}],"line":94},"7":{"loc":{"start":{"line":201,"column":13},"end":{"line":218,"column":13}},"type":"binary-expr","locations":[{"start":{"line":201,"column":13},"end":{"line":201,"column":21}},{"start":{"line":201,"column":25},"end":{"line":201,"column":48}},{"start":{"line":202,"column":14},"end":{"line":217,"column":23}}],"line":201},"8":{"loc":{"start":{"line":209,"column":17},"end":{"line":216,"column":17}},"type":"cond-expr","locations":[{"start":{"line":210,"column":18},"end":{"line":210,"column":31}},{"start":{"line":212,"column":18},"end":{"line":215,"column":21}}],"line":209}},"s":{"0":1,"1":39,"2":39,"3":39,"4":38,"5":38,"6":38,"7":38,"8":38,"9":38,"10":38,"11":9,"12":9,"13":8,"14":8,"15":1,"16":38,"17":9,"18":9,"19":38,"20":12,"21":12,"22":12,"23":9,"24":9,"25":3,"26":3,"27":38,"28":9,"29":9,"30":9,"31":0,"32":38,"33":10,"34":9,"35":1,"36":38,"37":1,"38":1,"39":1,"40":1,"41":1,"42":0,"43":0,"44":38,"45":3,"46":3,"47":2,"48":1,"49":1,"50":3,"51":38,"52":12,"53":12,"54":38,"55":12,"56":2,"57":38,"58":2,"59":2,"60":1,"61":1,"62":38,"63":20,"64":3,"65":0,"66":228,"67":0,"68":21,"69":0,"70":1,"71":1,"72":1,"73":1,"74":1},"f":{"0":39,"1":9,"2":9,"3":12,"4":9,"5":10,"6":1,"7":3,"8":1,"9":12,"10":12,"11":2,"12":20,"13":3,"14":0,"15":228,"16":0,"17":21,"18":0,"19":1,"20":1},"b":{"0":[8,0],"1":[9,1],"2":[2,1],"3":[12,0],"4":[12,2],"5":[2,10],"6":[12,10],"7":[38,38,5],"8":[1,4]},"_coverageSchema":"1a1c01bbd47fc00a2c39e90264f33305004495a9","hash":"1e5150260dbd43a4531518045da59586d78a66ec"}
,"D:\\cs4218-2510-ecom-project-team015\\client\\src\\pages\\Pagenotfound.js": {"path":"D:\\cs4218-2510-ecom-project-team015\\client\\src\\pages\\Pagenotfound.js","statementMap":{"0":{"start":{"line":5,"column":21},"end":{"line":17,"column":1}},"1":{"start":{"line":6,"column":2},"end":{"line":16,"column":4}}},"fnMap":{"0":{"name":"(anonymous_0)","decl":{"start":{"line":5,"column":21},"end":{"line":5,"column":22}},"loc":{"start":{"line":5,"column":27},"end":{"line":17,"column":1}},"line":5}},"branchMap":{},"s":{"0":1,"1":3},"f":{"0":3},"b":{},"_coverageSchema":"1a1c01bbd47fc00a2c39e90264f33305004495a9","hash":"4e99b4c4451873e6ded6af4ca246b156a01d10c7"}
,"D:\\cs4218-2510-ecom-project-team015\\client\\src\\pages\\Policy.js": {"path":"D:\\cs4218-2510-ecom-project-team015\\client\\src\\pages\\Policy.js","statementMap":{"0":{"start":{"line":4,"column":15},"end":{"line":43,"column":1}},"1":{"start":{"line":5,"column":2},"end":{"line":42,"column":4}}},"fnMap":{"0":{"name":"(anonymous_0)","decl":{"start":{"line":4,"column":15},"end":{"line":4,"column":16}},"loc":{"start":{"line":4,"column":21},"end":{"line":43,"column":1}},"line":4}},"branchMap":{},"s":{"0":1,"1":8},"f":{"0":8},"b":{},"_coverageSchema":"1a1c01bbd47fc00a2c39e90264f33305004495a9","hash":"d4296462efe33872e6cbe6c155117ab58d1c0e74"}
,"D:\\cs4218-2510-ecom-project-team015\\client\\src\\pages\\ProductDetails.js": {"path":"D:\\cs4218-2510-ecom-project-team015\\client\\src\\pages\\ProductDetails.js","statementMap":{"0":{"start":{"line":7,"column":23},"end":{"line":123,"column":1}},"1":{"start":{"line":8,"column":17},"end":{"line":8,"column":28}},"2":{"start":{"line":9,"column":19},"end":{"line":9,"column":32}},"3":{"start":{"line":10,"column":32},"end":{"line":10,"column":44}},"4":{"start":{"line":11,"column":48},"end":{"line":11,"column":60}},"5":{"start":{"line":14,"column":2},"end":{"line":16,"column":21}},"6":{"start":{"line":15,"column":4},"end":{"line":15,"column":35}},"7":{"start":{"line":15,"column":22},"end":{"line":15,"column":35}},"8":{"start":{"line":18,"column":21},"end":{"line":28,"column":3}},"9":{"start":{"line":19,"column":4},"end":{"line":27,"column":5}},"10":{"start":{"line":20,"column":23},"end":{"line":22,"column":7}},"11":{"start":{"line":23,"column":6},"end":{"line":23,"column":32}},"12":{"start":{"line":24,"column":6},"end":{"line":24,"column":71}},"13":{"start":{"line":26,"column":6},"end":{"line":26,"column":25}},"14":{"start":{"line":30,"column":28},"end":{"line":39,"column":3}},"15":{"start":{"line":31,"column":4},"end":{"line":38,"column":5}},"16":{"start":{"line":32,"column":23},"end":{"line":34,"column":7}},"17":{"start":{"line":35,"column":6},"end":{"line":35,"column":41}},"18":{"start":{"line":37,"column":6},"end":{"line":37,"column":25}},"19":{"start":{"line":40,"column":2},"end":{"line":122,"column":4}},"20":{"start":{"line":76,"column":12},"end":{"line":117,"column":18}},"21":{"start":{"line":98,"column":35},"end":{"line":98,"column":65}}},"fnMap":{"0":{"name":"(anonymous_0)","decl":{"start":{"line":7,"column":23},"end":{"line":7,"column":24}},"loc":{"start":{"line":7,"column":29},"end":{"line":123,"column":1}},"line":7},"1":{"name":"(anonymous_1)","decl":{"start":{"line":14,"column":12},"end":{"line":14,"column":13}},"loc":{"start":{"line":14,"column":18},"end":{"line":16,"column":3}},"line":14},"2":{"name":"(anonymous_2)","decl":{"start":{"line":18,"column":21},"end":{"line":18,"column":22}},"loc":{"start":{"line":18,"column":33},"end":{"line":28,"column":3}},"line":18},"3":{"name":"(anonymous_3)","decl":{"start":{"line":30,"column":28},"end":{"line":30,"column":29}},"loc":{"start":{"line":30,"column":48},"end":{"line":39,"column":3}},"line":30},"4":{"name":"(anonymous_4)","decl":{"start":{"line":75,"column":32},"end":{"line":75,"column":33}},"loc":{"start":{"line":76,"column":12},"end":{"line":117,"column":18}},"line":76},"5":{"name":"(anonymous_5)","decl":{"start":{"line":98,"column":29},"end":{"line":98,"column":30}},"loc":{"start":{"line":98,"column":35},"end":{"line":98,"column":65}},"line":98}},"branchMap":{"0":{"loc":{"start":{"line":15,"column":4},"end":{"line":15,"column":35}},"type":"if","locations":[{"start":{"line":15,"column":4},"end":{"line":15,"column":35}},{"start":{},"end":{}}],"line":15},"1":{"loc":{"start":{"line":71,"column":9},"end":{"line":73,"column":9}},"type":"binary-expr","locations":[{"start":{"line":71,"column":9},"end":{"line":71,"column":35}},{"start":{"line":72,"column":10},"end":{"line":72,"column":66}}],"line":71}},"s":{"0":1,"1":16,"2":16,"3":16,"4":15,"5":15,"6":9,"7":8,"8":15,"9":8,"10":8,"11":6,"12":6,"13":2,"14":15,"15":6,"16":6,"17":6,"18":0,"19":15,"20":1,"21":1},"f":{"0":16,"1":9,"2":8,"3":6,"4":1,"5":1},"b":{"0":[8,1],"1":[15,14]},"_coverageSchema":"1a1c01bbd47fc00a2c39e90264f33305004495a9","hash":"6ecf530374d3ab2557cf3c1ada6bd10eb6b16094"}
,"D:\\cs4218-2510-ecom-project-team015\\client\\src\\pages\\Search.js": {"path":"D:\\cs4218-2510-ecom-project-team015\\client\\src\\pages\\Search.js","statementMap":{"0":{"start":{"line":4,"column":15},"end":{"line":40,"column":1}},"1":{"start":{"line":5,"column":30},"end":{"line":5,"column":41}},"2":{"start":{"line":6,"column":2},"end":{"line":39,"column":4}},"3":{"start":{"line":18,"column":14},"end":{"line":33,"column":20}}},"fnMap":{"0":{"name":"(anonymous_0)","decl":{"start":{"line":4,"column":15},"end":{"line":4,"column":16}},"loc":{"start":{"line":4,"column":21},"end":{"line":40,"column":1}},"line":4},"1":{"name":"(anonymous_1)","decl":{"start":{"line":17,"column":33},"end":{"line":17,"column":34}},"loc":{"start":{"line":18,"column":14},"end":{"line":33,"column":20}},"line":18}},"branchMap":{"0":{"loc":{"start":{"line":12,"column":13},"end":{"line":14,"column":49}},"type":"cond-expr","locations":[{"start":{"line":13,"column":16},"end":{"line":13,"column":35}},{"start":{"line":14,"column":16},"end":{"line":14,"column":49}}],"line":12}},"s":{"0":1,"1":4,"2":4,"3":7},"f":{"0":4,"1":7},"b":{"0":[1,3]},"_coverageSchema":"1a1c01bbd47fc00a2c39e90264f33305004495a9","hash":"09604cc65e336aa353807e433db47afaaa2a2ffe"}
,"D:\\cs4218-2510-ecom-project-team015\\client\\src\\pages\\Auth\\Login.js": {"path":"D:\\cs4218-2510-ecom-project-team015\\client\\src\\pages\\Auth\\Login.js","statementMap":{"0":{"start":{"line":9,"column":14},"end":{"line":102,"column":1}},"1":{"start":{"line":10,"column":28},"end":{"line":10,"column":40}},"2":{"start":{"line":11,"column":34},"end":{"line":11,"column":46}},"3":{"start":{"line":12,"column":26},"end":{"line":12,"column":35}},"4":{"start":{"line":15,"column":19},"end":{"line":15,"column":32}},"5":{"start":{"line":16,"column":19},"end":{"line":16,"column":32}},"6":{"start":{"line":20,"column":23},"end":{"line":53,"column":3}},"7":{"start":{"line":21,"column":4},"end":{"line":21,"column":23}},"8":{"start":{"line":22,"column":4},"end":{"line":52,"column":5}},"9":{"start":{"line":23,"column":18},"end":{"line":26,"column":8}},"10":{"start":{"line":27,"column":6},"end":{"line":45,"column":7}},"11":{"start":{"line":28,"column":8},"end":{"line":35,"column":13}},"12":{"start":{"line":36,"column":8},"end":{"line":40,"column":11}},"13":{"start":{"line":41,"column":8},"end":{"line":41,"column":99}},"14":{"start":{"line":42,"column":8},"end":{"line":42,"column":40}},"15":{"start":{"line":44,"column":8},"end":{"line":44,"column":38}},"16":{"start":{"line":47,"column":6},"end":{"line":47,"column":25}},"17":{"start":{"line":50,"column":22},"end":{"line":50,"column":77}},"18":{"start":{"line":51,"column":6},"end":{"line":51,"column":27}},"19":{"start":{"line":54,"column":2},"end":{"line":101,"column":4}},"20":{"start":{"line":65,"column":31},"end":{"line":65,"column":55}},"21":{"start":{"line":76,"column":31},"end":{"line":76,"column":58}},"22":{"start":{"line":88,"column":16},"end":{"line":88,"column":45}}},"fnMap":{"0":{"name":"(anonymous_0)","decl":{"start":{"line":9,"column":14},"end":{"line":9,"column":15}},"loc":{"start":{"line":9,"column":20},"end":{"line":102,"column":1}},"line":9},"1":{"name":"(anonymous_1)","decl":{"start":{"line":20,"column":23},"end":{"line":20,"column":24}},"loc":{"start":{"line":20,"column":36},"end":{"line":53,"column":3}},"line":20},"2":{"name":"(anonymous_2)","decl":{"start":{"line":65,"column":24},"end":{"line":65,"column":25}},"loc":{"start":{"line":65,"column":31},"end":{"line":65,"column":55}},"line":65},"3":{"name":"(anonymous_3)","decl":{"start":{"line":76,"column":24},"end":{"line":76,"column":25}},"loc":{"start":{"line":76,"column":31},"end":{"line":76,"column":58}},"line":76},"4":{"name":"(anonymous_4)","decl":{"start":{"line":87,"column":23},"end":{"line":87,"column":24}},"loc":{"start":{"line":87,"column":29},"end":{"line":89,"column":15}},"line":87}},"branchMap":{"0":{"loc":{"start":{"line":27,"column":6},"end":{"line":45,"column":7}},"type":"if","locations":[{"start":{"line":27,"column":6},"end":{"line":45,"column":7}},{"start":{"line":43,"column":13},"end":{"line":45,"column":7}}],"line":27},"1":{"loc":{"start":{"line":27,"column":10},"end":{"line":27,"column":33}},"type":"binary-expr","locations":[{"start":{"line":27,"column":10},"end":{"line":27,"column":13}},{"start":{"line":27,"column":17},"end":{"line":27,"column":33}}],"line":27},"2":{"loc":{"start":{"line":28,"column":22},"end":{"line":28,"column":50}},"type":"binary-expr","locations":[{"start":{"line":28,"column":22},"end":{"line":28,"column":30}},{"start":{"line":28,"column":34},"end":{"line":28,"column":50}}],"line":28},"3":{"loc":{"start":{"line":42,"column":17},"end":{"line":42,"column":38}},"type":"binary-expr","locations":[{"start":{"line":42,"column":17},"end":{"line":42,"column":31}},{"start":{"line":42,"column":35},"end":{"line":42,"column":38}}],"line":42},"4":{"loc":{"start":{"line":50,"column":22},"end":{"line":50,"column":77}},"type":"binary-expr","locations":[{"start":{"line":50,"column":22},"end":{"line":50,"column":51}},{"start":{"line":50,"column":55},"end":{"line":50,"column":77}}],"line":50}},"s":{"0":1,"1":18,"2":18,"3":18,"4":18,"5":18,"6":18,"7":4,"8":4,"9":4,"10":2,"11":1,"12":1,"13":1,"14":1,"15":1,"16":2,"17":2,"18":2,"19":18,"20":5,"21":5,"22":1},"f":{"0":18,"1":4,"2":5,"3":5,"4":1},"b":{"0":[1,1],"1":[2,2],"2":[1,1],"3":[1,1],"4":[2,1]},"_coverageSchema":"1a1c01bbd47fc00a2c39e90264f33305004495a9","hash":"acdfe05cbc31f6209053f1ec4215dcba1d0e1984"}
,"D:\\cs4218-2510-ecom-project-team015\\client\\src\\pages\\Auth\\Register.js": {"path":"D:\\cs4218-2510-ecom-project-team015\\client\\src\\pages\\Auth\\Register.js","statementMap":{"0":{"start":{"line":8,"column":17},"end":{"line":135,"column":1}},"1":{"start":{"line":9,"column":26},"end":{"line":9,"column":38}},"2":{"start":{"line":10,"column":28},"end":{"line":10,"column":40}},"3":{"start":{"line":11,"column":34},"end":{"line":11,"column":46}},"4":{"start":{"line":12,"column":28},"end":{"line":12,"column":40}},"5":{"start":{"line":13,"column":32},"end":{"line":13,"column":44}},"6":{"start":{"line":14,"column":24},"end":{"line":14,"column":36}},"7":{"start":{"line":15,"column":30},"end":{"line":15,"column":42}},"8":{"start":{"line":16,"column":19},"end":{"line":16,"column":32}},"9":{"start":{"line":19,"column":23},"end":{"line":43,"column":3}},"10":{"start":{"line":20,"column":4},"end":{"line":20,"column":23}},"11":{"start":{"line":21,"column":4},"end":{"line":42,"column":5}},"12":{"start":{"line":22,"column":18},"end":{"line":30,"column":8}},"13":{"start":{"line":31,"column":6},"end":{"line":36,"column":7}},"14":{"start":{"line":32,"column":8},"end":{"line":32,"column":40}},"15":{"start":{"line":33,"column":8},"end":{"line":33,"column":27}},"16":{"start":{"line":35,"column":8},"end":{"line":35,"column":38}},"17":{"start":{"line":38,"column":6},"end":{"line":38,"column":25}},"18":{"start":{"line":40,"column":22},"end":{"line":40,"column":77}},"19":{"start":{"line":41,"column":6},"end":{"line":41,"column":27}},"20":{"start":{"line":45,"column":2},"end":{"line":134,"column":4}},"21":{"start":{"line":54,"column":31},"end":{"line":54,"column":54}},"22":{"start":{"line":66,"column":31},"end":{"line":66,"column":55}},"23":{"start":{"line":77,"column":31},"end":{"line":77,"column":58}},"24":{"start":{"line":88,"column":31},"end":{"line":88,"column":55}},"25":{"start":{"line":99,"column":31},"end":{"line":99,"column":57}},"26":{"start":{"line":110,"column":31},"end":{"line":110,"column":53}},"27":{"start":{"line":121,"column":31},"end":{"line":121,"column":56}}},"fnMap":{"0":{"name":"(anonymous_0)","decl":{"start":{"line":8,"column":17},"end":{"line":8,"column":18}},"loc":{"start":{"line":8,"column":23},"end":{"line":135,"column":1}},"line":8},"1":{"name":"(anonymous_1)","decl":{"start":{"line":19,"column":23},"end":{"line":19,"column":24}},"loc":{"start":{"line":19,"column":36},"end":{"line":43,"column":3}},"line":19},"2":{"name":"(anonymous_2)","decl":{"start":{"line":54,"column":24},"end":{"line":54,"column":25}},"loc":{"start":{"line":54,"column":31},"end":{"line":54,"column":54}},"line":54},"3":{"name":"(anonymous_3)","decl":{"start":{"line":66,"column":24},"end":{"line":66,"column":25}},"loc":{"start":{"line":66,"column":31},"end":{"line":66,"column":55}},"line":66},"4":{"name":"(anonymous_4)","decl":{"start":{"line":77,"column":24},"end":{"line":77,"column":25}},"loc":{"start":{"line":77,"column":31},"end":{"line":77,"column":58}},"line":77},"5":{"name":"(anonymous_5)","decl":{"start":{"line":88,"column":24},"end":{"line":88,"column":25}},"loc":{"start":{"line":88,"column":31},"end":{"line":88,"column":55}},"line":88},"6":{"name":"(anonymous_6)","decl":{"start":{"line":99,"column":24},"end":{"line":99,"column":25}},"loc":{"start":{"line":99,"column":31},"end":{"line":99,"column":57}},"line":99},"7":{"name":"(anonymous_7)","decl":{"start":{"line":110,"column":24},"end":{"line":110,"column":25}},"loc":{"start":{"line":110,"column":31},"end":{"line":110,"column":53}},"line":110},"8":{"name":"(anonymous_8)","decl":{"start":{"line":121,"column":24},"end":{"line":121,"column":25}},"loc":{"start":{"line":121,"column":31},"end":{"line":121,"column":56}},"line":121}},"branchMap":{"0":{"loc":{"start":{"line":31,"column":6},"end":{"line":36,"column":7}},"type":"if","locations":[{"start":{"line":31,"column":6},"end":{"line":36,"column":7}},{"start":{"line":34,"column":13},"end":{"line":36,"column":7}}],"line":31},"1":{"loc":{"start":{"line":31,"column":10},"end":{"line":31,"column":33}},"type":"binary-expr","locations":[{"start":{"line":31,"column":10},"end":{"line":31,"column":13}},{"start":{"line":31,"column":17},"end":{"line":31,"column":33}}],"line":31},"2":{"loc":{"start":{"line":40,"column":22},"end":{"line":40,"column":77}},"type":"binary-expr","locations":[{"start":{"line":40,"column":22},"end":{"line":40,"column":51}},{"start":{"line":40,"column":55},"end":{"line":40,"column":77}}],"line":40}},"s":{"0":1,"1":33,"2":33,"3":33,"4":33,"5":33,"6":33,"7":33,"8":33,"9":33,"10":4,"11":4,"12":4,"13":2,"14":1,"15":1,"16":1,"17":2,"18":2,"19":2,"20":33,"21":4,"22":4,"23":4,"24":4,"25":4,"26":4,"27":4},"f":{"0":33,"1":4,"2":4,"3":4,"4":4,"5":4,"6":4,"7":4,"8":4},"b":{"0":[1,1],"1":[2,2],"2":[2,1]},"_coverageSchema":"1a1c01bbd47fc00a2c39e90264f33305004495a9","hash":"5cc7b4df98a55f0dd7bfd944b5cef703cbe7ba50"}
,"D:\\cs4218-2510-ecom-project-team015\\client\\src\\pages\\admin\\AdminDashboard.js": {"path":"D:\\cs4218-2510-ecom-project-team015\\client\\src\\pages\\admin\\AdminDashboard.js","statementMap":{"0":{"start":{"line":5,"column":23},"end":{"line":25,"column":1}},"1":{"start":{"line":6,"column":17},"end":{"line":6,"column":26}},"2":{"start":{"line":7,"column":2},"end":{"line":24,"column":4}}},"fnMap":{"0":{"name":"(anonymous_0)","decl":{"start":{"line":5,"column":23},"end":{"line":5,"column":24}},"loc":{"start":{"line":5,"column":29},"end":{"line":25,"column":1}},"line":5}},"branchMap":{},"s":{"0":1,"1":4,"2":4},"f":{"0":4},"b":{},"_coverageSchema":"1a1c01bbd47fc00a2c39e90264f33305004495a9","hash":"9e3aed0e42f6b736714a634bb690e55d2e7e95e6"}
,"D:\\cs4218-2510-ecom-project-team015\\client\\src\\pages\\admin\\AdminOrders.js": {"path":"D:\\cs4218-2510-ecom-project-team015\\client\\src\\pages\\admin\\AdminOrders.js","statementMap":{"0":{"start":{"line":9,"column":19},"end":{"line":9,"column":25}},"1":{"start":{"line":11,"column":20},"end":{"line":120,"column":1}},"2":{"start":{"line":13,"column":30},"end":{"line":19,"column":4}},"3":{"start":{"line":23,"column":30},"end":{"line":23,"column":42}},"4":{"start":{"line":24,"column":26},"end":{"line":24,"column":35}},"5":{"start":{"line":25,"column":20},"end":{"line":32,"column":3}},"6":{"start":{"line":26,"column":4},"end":{"line":31,"column":5}},"7":{"start":{"line":27,"column":23},"end":{"line":27,"column":65}},"8":{"start":{"line":28,"column":6},"end":{"line":28,"column":22}},"9":{"start":{"line":30,"column":6},"end":{"line":30,"column":25}},"10":{"start":{"line":34,"column":2},"end":{"line":36,"column":20}},"11":{"start":{"line":35,"column":4},"end":{"line":35,"column":33}},"12":{"start":{"line":35,"column":21},"end":{"line":35,"column":33}},"13":{"start":{"line":38,"column":23},"end":{"line":47,"column":3}},"14":{"start":{"line":39,"column":4},"end":{"line":46,"column":5}},"15":{"start":{"line":40,"column":23},"end":{"line":42,"column":8}},"16":{"start":{"line":43,"column":6},"end":{"line":43,"column":18}},"17":{"start":{"line":45,"column":6},"end":{"line":45,"column":25}},"18":{"start":{"line":48,"column":2},"end":{"line":119,"column":4}},"19":{"start":{"line":57,"column":12},"end":{"line":114,"column":8}},"20":{"start":{"line":76,"column":34},"end":{"line":76,"column":60}},"21":{"start":{"line":80,"column":14},"end":{"line":82,"column":23}},"22":{"start":{"line":95,"column":10},"end":{"line":110,"column":16}}},"fnMap":{"0":{"name":"(anonymous_0)","decl":{"start":{"line":11,"column":20},"end":{"line":11,"column":21}},"loc":{"start":{"line":11,"column":26},"end":{"line":120,"column":1}},"line":11},"1":{"name":"(anonymous_1)","decl":{"start":{"line":25,"column":20},"end":{"line":25,"column":21}},"loc":{"start":{"line":25,"column":32},"end":{"line":32,"column":3}},"line":25},"2":{"name":"(anonymous_2)","decl":{"start":{"line":34,"column":12},"end":{"line":34,"column":13}},"loc":{"start":{"line":34,"column":18},"end":{"line":36,"column":3}},"line":34},"3":{"name":"(anonymous_3)","decl":{"start":{"line":38,"column":23},"end":{"line":38,"column":24}},"loc":{"start":{"line":38,"column":49},"end":{"line":47,"column":3}},"line":38},"4":{"name":"(anonymous_4)","decl":{"start":{"line":56,"column":23},"end":{"line":56,"column":24}},"loc":{"start":{"line":56,"column":33},"end":{"line":115,"column":11}},"line":56},"5":{"name":"(anonymous_5)","decl":{"start":{"line":76,"column":23},"end":{"line":76,"column":24}},"loc":{"start":{"line":76,"column":34},"end":{"line":76,"column":60}},"line":76},"6":{"name":"(anonymous_6)","decl":{"start":{"line":79,"column":25},"end":{"line":79,"column":26}},"loc":{"start":{"line":80,"column":14},"end":{"line":82,"column":23}},"line":80},"7":{"name":"(anonymous_7)","decl":{"start":{"line":94,"column":27},"end":{"line":94,"column":28}},"loc":{"start":{"line":95,"column":10},"end":{"line":110,"column":16}},"line":95}},"branchMap":{"0":{"loc":{"start":{"line":35,"column":4},"end":{"line":35,"column":33}},"type":"if","locations":[{"start":{"line":35,"column":4},"end":{"line":35,"column":33}},{"start":{},"end":{}}],"line":35},"1":{"loc":{"start":{"line":88,"column":16},"end":{"line":88,"column":57}},"type":"cond-expr","locations":[{"start":{"line":88,"column":37},"end":{"line":88,"column":46}},{"start":{"line":88,"column":49},"end":{"line":88,"column":57}}],"line":88}},"s":{"0":1,"1":1,"2":21,"3":20,"4":20,"5":20,"6":12,"7":12,"8":11,"9":1,"10":20,"11":11,"12":10,"13":20,"14":3,"15":3,"16":2,"17":1,"18":20,"19":8,"20":3,"21":40,"22":2},"f":{"0":21,"1":12,"2":11,"3":3,"4":8,"5":3,"6":40,"7":2},"b":{"0":[10,1],"1":[6,2]},"_coverageSchema":"1a1c01bbd47fc00a2c39e90264f33305004495a9","hash":"d0be1f2e2d694e003708dfbfa056cbe843f70c6a"}
,"D:\\cs4218-2510-ecom-project-team015\\client\\src\\pages\\admin\\CreateCategory.js": {"path":"D:\\cs4218-2510-ecom-project-team015\\client\\src\\pages\\admin\\CreateCategory.js","statementMap":{"0":{"start":{"line":8,"column":23},"end":{"line":197,"column":1}},"1":{"start":{"line":9,"column":37},"end":{"line":9,"column":49}},"2":{"start":{"line":10,"column":25},"end":{"line":10,"column":37}},"3":{"start":{"line":11,"column":31},"end":{"line":11,"column":46}},"4":{"start":{"line":12,"column":33},"end":{"line":12,"column":47}},"5":{"start":{"line":13,"column":39},"end":{"line":13,"column":51}},"6":{"start":{"line":16,"column":14},"end":{"line":16,"column":48}},"7":{"start":{"line":16,"column":26},"end":{"line":16,"column":48}},"8":{"start":{"line":17,"column":22},"end":{"line":17,"column":77}},"9":{"start":{"line":17,"column":35},"end":{"line":17,"column":77}},"10":{"start":{"line":17,"column":51},"end":{"line":17,"column":76}},"11":{"start":{"line":22,"column":22},"end":{"line":56,"column":2}},"12":{"start":{"line":23,"column":2},"end":{"line":23,"column":21}},"13":{"start":{"line":25,"column":18},"end":{"line":25,"column":29}},"14":{"start":{"line":27,"column":2},"end":{"line":30,"column":3}},"15":{"start":{"line":28,"column":3},"end":{"line":28,"column":35}},"16":{"start":{"line":29,"column":3},"end":{"line":29,"column":10}},"17":{"start":{"line":31,"column":2},"end":{"line":34,"column":3}},"18":{"start":{"line":32,"column":3},"end":{"line":32,"column":42}},"19":{"start":{"line":33,"column":3},"end":{"line":33,"column":10}},"20":{"start":{"line":36,"column":2},"end":{"line":55,"column":3}},"21":{"start":{"line":37,"column":20},"end":{"line":39,"column":5}},"22":{"start":{"line":40,"column":3},"end":{"line":46,"column":4}},"23":{"start":{"line":41,"column":4},"end":{"line":41,"column":43}},"24":{"start":{"line":42,"column":4},"end":{"line":42,"column":16}},"25":{"start":{"line":43,"column":4},"end":{"line":43,"column":21}},"26":{"start":{"line":45,"column":4},"end":{"line":45,"column":30}},"27":{"start":{"line":48,"column":3},"end":{"line":48,"column":22}},"28":{"start":{"line":50,"column":3},"end":{"line":54,"column":4}},"29":{"start":{"line":51,"column":4},"end":{"line":51,"column":43}},"30":{"start":{"line":53,"column":4},"end":{"line":53,"column":58}},"31":{"start":{"line":59,"column":24},"end":{"line":70,"column":2}},"32":{"start":{"line":60,"column":2},"end":{"line":69,"column":3}},"33":{"start":{"line":61,"column":20},"end":{"line":61,"column":68}},"34":{"start":{"line":62,"column":3},"end":{"line":64,"column":4}},"35":{"start":{"line":63,"column":4},"end":{"line":63,"column":33}},"36":{"start":{"line":66,"column":3},"end":{"line":66,"column":22}},"37":{"start":{"line":68,"column":3},"end":{"line":68,"column":59}},"38":{"start":{"line":72,"column":1},"end":{"line":74,"column":8}},"39":{"start":{"line":73,"column":2},"end":{"line":73,"column":19}},"40":{"start":{"line":79,"column":22},"end":{"line":115,"column":2}},"41":{"start":{"line":80,"column":2},"end":{"line":80,"column":21}},"42":{"start":{"line":81,"column":18},"end":{"line":81,"column":36}},"43":{"start":{"line":83,"column":2},"end":{"line":86,"column":3}},"44":{"start":{"line":84,"column":3},"end":{"line":84,"column":35}},"45":{"start":{"line":85,"column":3},"end":{"line":85,"column":10}},"46":{"start":{"line":88,"column":14},"end":{"line":88,"column":95}},"47":{"start":{"line":88,"column":37},"end":{"line":88,"column":94}},"48":{"start":{"line":89,"column":2},"end":{"line":92,"column":3}},"49":{"start":{"line":90,"column":3},"end":{"line":90,"column":42}},"50":{"start":{"line":91,"column":3},"end":{"line":91,"column":10}},"51":{"start":{"line":94,"column":2},"end":{"line":114,"column":3}},"52":{"start":{"line":95,"column":20},"end":{"line":97,"column":5}},"53":{"start":{"line":98,"column":3},"end":{"line":106,"column":4}},"54":{"start":{"line":99,"column":4},"end":{"line":99,"column":43}},"55":{"start":{"line":100,"column":4},"end":{"line":100,"column":22}},"56":{"start":{"line":101,"column":4},"end":{"line":101,"column":23}},"57":{"start":{"line":102,"column":4},"end":{"line":102,"column":22}},"58":{"start":{"line":103,"column":4},"end":{"line":103,"column":21}},"59":{"start":{"line":105,"column":4},"end":{"line":105,"column":30}},"60":{"start":{"line":109,"column":3},"end":{"line":113,"column":4}},"61":{"start":{"line":110,"column":4},"end":{"line":110,"column":43}},"62":{"start":{"line":112,"column":4},"end":{"line":112,"column":58}},"63":{"start":{"line":117,"column":22},"end":{"line":132,"column":2}},"64":{"start":{"line":118,"column":2},"end":{"line":131,"column":3}},"65":{"start":{"line":119,"column":20},"end":{"line":119,"column":81}},"66":{"start":{"line":120,"column":3},"end":{"line":127,"column":4}},"67":{"start":{"line":122,"column":4},"end":{"line":122,"column":41}},"68":{"start":{"line":124,"column":4},"end":{"line":124,"column":21}},"69":{"start":{"line":126,"column":4},"end":{"line":126,"column":30}},"70":{"start":{"line":130,"column":3},"end":{"line":130,"column":39}},"71":{"start":{"line":133,"column":1},"end":{"line":196,"column":3}},"72":{"start":{"line":156,"column":10},"end":{"line":180,"column":13}},"73":{"start":{"line":163,"column":15},"end":{"line":163,"column":32}},"74":{"start":{"line":164,"column":15},"end":{"line":164,"column":38}},"75":{"start":{"line":165,"column":15},"end":{"line":165,"column":30}},"76":{"start":{"line":173,"column":15},"end":{"line":173,"column":35}},"77":{"start":{"line":185,"column":29},"end":{"line":185,"column":46}}},"fnMap":{"0":{"name":"(anonymous_0)","decl":{"start":{"line":8,"column":23},"end":{"line":8,"column":24}},"loc":{"start":{"line":8,"column":29},"end":{"line":197,"column":1}},"line":8},"1":{"name":"(anonymous_1)","decl":{"start":{"line":16,"column":14},"end":{"line":16,"column":15}},"loc":{"start":{"line":16,"column":26},"end":{"line":16,"column":48}},"line":16},"2":{"name":"(anonymous_2)","decl":{"start":{"line":17,"column":22},"end":{"line":17,"column":23}},"loc":{"start":{"line":17,"column":35},"end":{"line":17,"column":77}},"line":17},"3":{"name":"(anonymous_3)","decl":{"start":{"line":17,"column":44},"end":{"line":17,"column":45}},"loc":{"start":{"line":17,"column":51},"end":{"line":17,"column":76}},"line":17},"4":{"name":"(anonymous_4)","decl":{"start":{"line":22,"column":22},"end":{"line":22,"column":23}},"loc":{"start":{"line":22,"column":35},"end":{"line":56,"column":2}},"line":22},"5":{"name":"(anonymous_5)","decl":{"start":{"line":59,"column":24},"end":{"line":59,"column":25}},"loc":{"start":{"line":59,"column":36},"end":{"line":70,"column":2}},"line":59},"6":{"name":"(anonymous_6)","decl":{"start":{"line":72,"column":11},"end":{"line":72,"column":12}},"loc":{"start":{"line":72,"column":17},"end":{"line":74,"column":2}},"line":72},"7":{"name":"(anonymous_7)","decl":{"start":{"line":79,"column":22},"end":{"line":79,"column":23}},"loc":{"start":{"line":79,"column":35},"end":{"line":115,"column":2}},"line":79},"8":{"name":"(anonymous_8)","decl":{"start":{"line":88,"column":30},"end":{"line":88,"column":31}},"loc":{"start":{"line":88,"column":37},"end":{"line":88,"column":94}},"line":88},"9":{"name":"(anonymous_9)","decl":{"start":{"line":117,"column":22},"end":{"line":117,"column":23}},"loc":{"start":{"line":117,"column":37},"end":{"line":132,"column":2}},"line":117},"10":{"name":"(anonymous_10)","decl":{"start":{"line":155,"column":26},"end":{"line":155,"column":27}},"loc":{"start":{"line":156,"column":10},"end":{"line":180,"column":13}},"line":156},"11":{"name":"(anonymous_11)","decl":{"start":{"line":162,"column":23},"end":{"line":162,"column":24}},"loc":{"start":{"line":162,"column":29},"end":{"line":166,"column":15}},"line":162},"12":{"name":"(anonymous_12)","decl":{"start":{"line":172,"column":23},"end":{"line":172,"column":24}},"loc":{"start":{"line":172,"column":29},"end":{"line":174,"column":15}},"line":172},"13":{"name":"(anonymous_13)","decl":{"start":{"line":185,"column":23},"end":{"line":185,"column":24}},"loc":{"start":{"line":185,"column":29},"end":{"line":185,"column":46}},"line":185}},"branchMap":{"0":{"loc":{"start":{"line":16,"column":15},"end":{"line":16,"column":21}},"type":"default-arg","locations":[{"start":{"line":16,"column":19},"end":{"line":16,"column":21}}],"line":16},"1":{"loc":{"start":{"line":27,"column":2},"end":{"line":30,"column":3}},"type":"if","locations":[{"start":{"line":27,"column":2},"end":{"line":30,"column":3}},{"start":{},"end":{}}],"line":27},"2":{"loc":{"start":{"line":31,"column":2},"end":{"line":34,"column":3}},"type":"if","locations":[{"start":{"line":31,"column":2},"end":{"line":34,"column":3}},{"start":{},"end":{}}],"line":31},"3":{"loc":{"start":{"line":40,"column":3},"end":{"line":46,"column":4}},"type":"if","locations":[{"start":{"line":40,"column":3},"end":{"line":46,"column":4}},{"start":{"line":44,"column":10},"end":{"line":46,"column":4}}],"line":40},"4":{"loc":{"start":{"line":50,"column":3},"end":{"line":54,"column":4}},"type":"if","locations":[{"start":{"line":50,"column":3},"end":{"line":54,"column":4}},{"start":{"line":52,"column":10},"end":{"line":54,"column":4}}],"line":50},"5":{"loc":{"start":{"line":62,"column":3},"end":{"line":64,"column":4}},"type":"if","locations":[{"start":{"line":62,"column":3},"end":{"line":64,"column":4}},{"start":{},"end":{}}],"line":62},"6":{"loc":{"start":{"line":83,"column":2},"end":{"line":86,"column":3}},"type":"if","locations":[{"start":{"line":83,"column":2},"end":{"line":86,"column":3}},{"start":{},"end":{}}],"line":83},"7":{"loc":{"start":{"line":88,"column":37},"end":{"line":88,"column":94}},"type":"binary-expr","locations":[{"start":{"line":88,"column":37},"end":{"line":88,"column":60}},{"start":{"line":88,"column":64},"end":{"line":88,"column":94}}],"line":88},"8":{"loc":{"start":{"line":89,"column":2},"end":{"line":92,"column":3}},"type":"if","locations":[{"start":{"line":89,"column":2},"end":{"line":92,"column":3}},{"start":{},"end":{}}],"line":89},"9":{"loc":{"start":{"line":98,"column":3},"end":{"line":106,"column":4}},"type":"if","locations":[{"start":{"line":98,"column":3},"end":{"line":106,"column":4}},{"start":{"line":104,"column":10},"end":{"line":106,"column":4}}],"line":98},"10":{"loc":{"start":{"line":109,"column":3},"end":{"line":113,"column":4}},"type":"if","locations":[{"start":{"line":109,"column":3},"end":{"line":113,"column":4}},{"start":{"line":111,"column":10},"end":{"line":113,"column":4}}],"line":109},"11":{"loc":{"start":{"line":120,"column":3},"end":{"line":127,"column":4}},"type":"if","locations":[{"start":{"line":120,"column":3},"end":{"line":127,"column":4}},{"start":{"line":125,"column":10},"end":{"line":127,"column":4}}],"line":120}},"s":{"0":1,"1":73,"2":72,"3":72,"4":72,"5":72,"6":72,"7":30,"8":72,"9":7,"10":9,"11":72,"12":8,"13":8,"14":8,"15":1,"16":1,"17":7,"18":1,"19":1,"20":6,"21":6,"22":4,"23":3,"24":3,"25":3,"26":1,"27":2,"28":2,"29":1,"30":1,"31":72,"32":30,"33":30,"34":29,"35":28,"36":1,"37":1,"38":72,"39":24,"40":72,"41":7,"42":7,"43":7,"44":1,"45":1,"46":6,"47":12,"48":6,"49":1,"50":1,"51":5,"52":5,"53":3,"54":2,"55":2,"56":2,"57":2,"58":2,"59":1,"60":2,"61":1,"62":1,"63":72,"64":3,"65":3,"66":2,"67":1,"68":1,"69":1,"70":1,"71":72,"72":90,"73":8,"74":8,"75":8,"76":3,"77":1},"f":{"0":73,"1":30,"2":7,"3":9,"4":8,"5":30,"6":24,"7":7,"8":12,"9":3,"10":90,"11":8,"12":3,"13":1},"b":{"0":[1],"1":[1,7],"2":[1,6],"3":[3,1],"4":[1,1],"5":[28,1],"6":[1,6],"7":[12,6],"8":[1,5],"9":[2,1],"10":[1,1],"11":[1,1]},"_coverageSchema":"1a1c01bbd47fc00a2c39e90264f33305004495a9","hash":"3dd38f7bf87a816cce611ab53861d50a5efb7aeb"}
,"D:\\cs4218-2510-ecom-project-team015\\client\\src\\pages\\admin\\CreateProduct.js": {"path":"D:\\cs4218-2510-ecom-project-team015\\client\\src\\pages\\admin\\CreateProduct.js","statementMap":{"0":{"start":{"line":8,"column":19},"end":{"line":8,"column":25}},"1":{"start":{"line":10,"column":22},"end":{"line":241,"column":1}},"2":{"start":{"line":11,"column":18},"end":{"line":11,"column":31}},"3":{"start":{"line":12,"column":37},"end":{"line":12,"column":49}},"4":{"start":{"line":13,"column":25},"end":{"line":13,"column":37}},"5":{"start":{"line":14,"column":39},"end":{"line":14,"column":51}},"6":{"start":{"line":15,"column":27},"end":{"line":15,"column":39}},"7":{"start":{"line":16,"column":33},"end":{"line":16,"column":45}},"8":{"start":{"line":17,"column":33},"end":{"line":17,"column":45}},"9":{"start":{"line":18,"column":33},"end":{"line":18,"column":45}},"10":{"start":{"line":19,"column":27},"end":{"line":19,"column":39}},"11":{"start":{"line":22,"column":24},"end":{"line":34,"column":2}},"12":{"start":{"line":23,"column":2},"end":{"line":33,"column":3}},"13":{"start":{"line":24,"column":20},"end":{"line":24,"column":68}},"14":{"start":{"line":25,"column":3},"end":{"line":27,"column":4}},"15":{"start":{"line":26,"column":4},"end":{"line":26,"column":34}},"16":{"start":{"line":29,"column":3},"end":{"line":29,"column":22}},"17":{"start":{"line":32,"column":3},"end":{"line":32,"column":59}},"18":{"start":{"line":36,"column":1},"end":{"line":38,"column":8}},"19":{"start":{"line":37,"column":2},"end":{"line":37,"column":19}},"20":{"start":{"line":40,"column":19},"end":{"line":40,"column":28}},"21":{"start":{"line":41,"column":17},"end":{"line":41,"column":24}},"22":{"start":{"line":42,"column":25},"end":{"line":42,"column":34}},"23":{"start":{"line":44,"column":17},"end":{"line":44,"column":41}},"24":{"start":{"line":44,"column":24},"end":{"line":44,"column":41}},"25":{"start":{"line":48,"column":22},"end":{"line":124,"column":2}},"26":{"start":{"line":49,"column":2},"end":{"line":49,"column":21}},"27":{"start":{"line":51,"column":22},"end":{"line":51,"column":41}},"28":{"start":{"line":52,"column":22},"end":{"line":52,"column":48}},"29":{"start":{"line":53,"column":12},"end":{"line":53,"column":25}},"30":{"start":{"line":54,"column":12},"end":{"line":54,"column":28}},"31":{"start":{"line":56,"column":2},"end":{"line":123,"column":3}},"32":{"start":{"line":57,"column":3},"end":{"line":60,"column":4}},"33":{"start":{"line":58,"column":4},"end":{"line":58,"column":36}},"34":{"start":{"line":59,"column":4},"end":{"line":59,"column":11}},"35":{"start":{"line":61,"column":3},"end":{"line":64,"column":4}},"36":{"start":{"line":62,"column":4},"end":{"line":62,"column":43}},"37":{"start":{"line":63,"column":4},"end":{"line":63,"column":11}},"38":{"start":{"line":65,"column":3},"end":{"line":68,"column":4}},"39":{"start":{"line":66,"column":4},"end":{"line":66,"column":40}},"40":{"start":{"line":67,"column":4},"end":{"line":67,"column":11}},"41":{"start":{"line":69,"column":3},"end":{"line":72,"column":4}},"42":{"start":{"line":70,"column":4},"end":{"line":70,"column":37}},"43":{"start":{"line":71,"column":4},"end":{"line":71,"column":11}},"44":{"start":{"line":73,"column":3},"end":{"line":76,"column":4}},"45":{"start":{"line":74,"column":4},"end":{"line":74,"column":40}},"46":{"start":{"line":75,"column":4},"end":{"line":75,"column":11}},"47":{"start":{"line":77,"column":3},"end":{"line":80,"column":4}},"48":{"start":{"line":78,"column":4},"end":{"line":78,"column":37}},"49":{"start":{"line":79,"column":4},"end":{"line":79,"column":11}},"50":{"start":{"line":81,"column":3},"end":{"line":84,"column":4}},"51":{"start":{"line":82,"column":4},"end":{"line":82,"column":39}},"52":{"start":{"line":83,"column":4},"end":{"line":83,"column":11}},"53":{"start":{"line":86,"column":3},"end":{"line":89,"column":4}},"54":{"start":{"line":87,"column":4},"end":{"line":87,"column":56}},"55":{"start":{"line":88,"column":4},"end":{"line":88,"column":11}},"56":{"start":{"line":90,"column":3},"end":{"line":93,"column":4}},"57":{"start":{"line":91,"column":4},"end":{"line":91,"column":68}},"58":{"start":{"line":92,"column":4},"end":{"line":92,"column":11}},"59":{"start":{"line":95,"column":23},"end":{"line":95,"column":37}},"60":{"start":{"line":96,"column":3},"end":{"line":96,"column":43}},"61":{"start":{"line":97,"column":3},"end":{"line":97,"column":50}},"62":{"start":{"line":98,"column":3},"end":{"line":98,"column":42}},"63":{"start":{"line":99,"column":3},"end":{"line":99,"column":45}},"64":{"start":{"line":100,"column":3},"end":{"line":100,"column":38}},"65":{"start":{"line":101,"column":3},"end":{"line":101,"column":44}},"66":{"start":{"line":104,"column":20},"end":{"line":104,"column":83}},"67":{"start":{"line":106,"column":3},"end":{"line":112,"column":4}},"68":{"start":{"line":108,"column":4},"end":{"line":108,"column":50}},"69":{"start":{"line":109,"column":4},"end":{"line":109,"column":42}},"70":{"start":{"line":111,"column":4},"end":{"line":111,"column":50}},"71":{"start":{"line":115,"column":4},"end":{"line":119,"column":26}},"72":{"start":{"line":121,"column":3},"end":{"line":121,"column":22}},"73":{"start":{"line":122,"column":3},"end":{"line":122,"column":20}},"74":{"start":{"line":126,"column":1},"end":{"line":240,"column":3}},"75":{"start":{"line":144,"column":9},"end":{"line":144,"column":28}},"76":{"start":{"line":149,"column":9},"end":{"line":151,"column":18}},"77":{"start":{"line":161,"column":27},"end":{"line":161,"column":54}},"78":{"start":{"line":184,"column":26},"end":{"line":184,"column":49}},"79":{"start":{"line":193,"column":26},"end":{"line":193,"column":56}},"80":{"start":{"line":203,"column":26},"end":{"line":203,"column":50}},"81":{"start":{"line":212,"column":26},"end":{"line":212,"column":53}},"82":{"start":{"line":223,"column":10},"end":{"line":223,"column":29}}},"fnMap":{"0":{"name":"(anonymous_0)","decl":{"start":{"line":10,"column":22},"end":{"line":10,"column":23}},"loc":{"start":{"line":10,"column":28},"end":{"line":241,"column":1}},"line":10},"1":{"name":"(anonymous_1)","decl":{"start":{"line":22,"column":24},"end":{"line":22,"column":25}},"loc":{"start":{"line":22,"column":36},"end":{"line":34,"column":2}},"line":22},"2":{"name":"(anonymous_2)","decl":{"start":{"line":36,"column":11},"end":{"line":36,"column":12}},"loc":{"start":{"line":36,"column":17},"end":{"line":38,"column":2}},"line":36},"3":{"name":"(anonymous_3)","decl":{"start":{"line":44,"column":17},"end":{"line":44,"column":18}},"loc":{"start":{"line":44,"column":24},"end":{"line":44,"column":41}},"line":44},"4":{"name":"(anonymous_4)","decl":{"start":{"line":48,"column":22},"end":{"line":48,"column":23}},"loc":{"start":{"line":48,"column":35},"end":{"line":124,"column":2}},"line":48},"5":{"name":"(anonymous_5)","decl":{"start":{"line":143,"column":18},"end":{"line":143,"column":19}},"loc":{"start":{"line":143,"column":29},"end":{"line":145,"column":9}},"line":143},"6":{"name":"(anonymous_6)","decl":{"start":{"line":148,"column":25},"end":{"line":148,"column":26}},"loc":{"start":{"line":149,"column":9},"end":{"line":151,"column":18}},"line":149},"7":{"name":"(anonymous_7)","decl":{"start":{"line":161,"column":20},"end":{"line":161,"column":21}},"loc":{"start":{"line":161,"column":27},"end":{"line":161,"column":54}},"line":161},"8":{"name":"(anonymous_8)","decl":{"start":{"line":184,"column":19},"end":{"line":184,"column":20}},"loc":{"start":{"line":184,"column":26},"end":{"line":184,"column":49}},"line":184},"9":{"name":"(anonymous_9)","decl":{"start":{"line":193,"column":19},"end":{"line":193,"column":20}},"loc":{"start":{"line":193,"column":26},"end":{"line":193,"column":56}},"line":193},"10":{"name":"(anonymous_10)","decl":{"start":{"line":203,"column":19},"end":{"line":203,"column":20}},"loc":{"start":{"line":203,"column":26},"end":{"line":203,"column":50}},"line":203},"11":{"name":"(anonymous_11)","decl":{"start":{"line":212,"column":19},"end":{"line":212,"column":20}},"loc":{"start":{"line":212,"column":26},"end":{"line":212,"column":53}},"line":212},"12":{"name":"(anonymous_12)","decl":{"start":{"line":222,"column":19},"end":{"line":222,"column":20}},"loc":{"start":{"line":222,"column":30},"end":{"line":224,"column":10}},"line":222}},"branchMap":{"0":{"loc":{"start":{"line":25,"column":3},"end":{"line":27,"column":4}},"type":"if","locations":[{"start":{"line":25,"column":3},"end":{"line":27,"column":4}},{"start":{},"end":{}}],"line":25},"1":{"loc":{"start":{"line":57,"column":3},"end":{"line":60,"column":4}},"type":"if","locations":[{"start":{"line":57,"column":3},"end":{"line":60,"column":4}},{"start":{},"end":{}}],"line":57},"2":{"loc":{"start":{"line":61,"column":3},"end":{"line":64,"column":4}},"type":"if","locations":[{"start":{"line":61,"column":3},"end":{"line":64,"column":4}},{"start":{},"end":{}}],"line":61},"3":{"loc":{"start":{"line":65,"column":3},"end":{"line":68,"column":4}},"type":"if","locations":[{"start":{"line":65,"column":3},"end":{"line":68,"column":4}},{"start":{},"end":{}}],"line":65},"4":{"loc":{"start":{"line":69,"column":3},"end":{"line":72,"column":4}},"type":"if","locations":[{"start":{"line":69,"column":3},"end":{"line":72,"column":4}},{"start":{},"end":{}}],"line":69},"5":{"loc":{"start":{"line":69,"column":7},"end":{"line":69,"column":55}},"type":"binary-expr","locations":[{"start":{"line":69,"column":7},"end":{"line":69,"column":19}},{"start":{"line":69,"column":23},"end":{"line":69,"column":36}},{"start":{"line":69,"column":40},"end":{"line":69,"column":55}}],"line":69},"6":{"loc":{"start":{"line":73,"column":3},"end":{"line":76,"column":4}},"type":"if","locations":[{"start":{"line":73,"column":3},"end":{"line":76,"column":4}},{"start":{},"end":{}}],"line":73},"7":{"loc":{"start":{"line":73,"column":7},"end":{"line":73,"column":61}},"type":"binary-expr","locations":[{"start":{"line":73,"column":7},"end":{"line":73,"column":22}},{"start":{"line":73,"column":26},"end":{"line":73,"column":42}},{"start":{"line":73,"column":46},"end":{"line":73,"column":61}}],"line":73},"8":{"loc":{"start":{"line":77,"column":3},"end":{"line":80,"column":4}},"type":"if","locations":[{"start":{"line":77,"column":3},"end":{"line":80,"column":4}},{"start":{},"end":{}}],"line":77},"9":{"loc":{"start":{"line":81,"column":3},"end":{"line":84,"column":4}},"type":"if","locations":[{"start":{"line":81,"column":3},"end":{"line":84,"column":4}},{"start":{},"end":{}}],"line":81},"10":{"loc":{"start":{"line":86,"column":3},"end":{"line":89,"column":4}},"type":"if","locations":[{"start":{"line":86,"column":3},"end":{"line":89,"column":4}},{"start":{},"end":{}}],"line":86},"11":{"loc":{"start":{"line":86,"column":7},"end":{"line":86,"column":30}},"type":"binary-expr","locations":[{"start":{"line":86,"column":7},"end":{"line":86,"column":13}},{"start":{"line":86,"column":17},"end":{"line":86,"column":30}}],"line":86},"12":{"loc":{"start":{"line":90,"column":3},"end":{"line":93,"column":4}},"type":"if","locations":[{"start":{"line":90,"column":3},"end":{"line":93,"column":4}},{"start":{},"end":{}}],"line":90},"13":{"loc":{"start":{"line":90,"column":7},"end":{"line":90,"column":52}},"type":"binary-expr","locations":[{"start":{"line":90,"column":7},"end":{"line":90,"column":27}},{"start":{"line":90,"column":31},"end":{"line":90,"column":37}},{"start":{"line":90,"column":41},"end":{"line":90,"column":52}}],"line":90},"14":{"loc":{"start":{"line":106,"column":3},"end":{"line":112,"column":4}},"type":"if","locations":[{"start":{"line":106,"column":3},"end":{"line":112,"column":4}},{"start":{"line":110,"column":10},"end":{"line":112,"column":4}}],"line":106},"15":{"loc":{"start":{"line":111,"column":16},"end":{"line":111,"column":48}},"type":"binary-expr","locations":[{"start":{"line":111,"column":16},"end":{"line":111,"column":29}},{"start":{"line":111,"column":33},"end":{"line":111,"column":48}}],"line":111},"16":{"loc":{"start":{"line":115,"column":4},"end":{"line":119,"column":26}},"type":"binary-expr","locations":[{"start":{"line":115,"column":4},"end":{"line":115,"column":32}},{"start":{"line":116,"column":4},"end":{"line":116,"column":34}},{"start":{"line":117,"column":5},"end":{"line":117,"column":36}},{"start":{"line":117,"column":40},"end":{"line":117,"column":64}},{"start":{"line":118,"column":5},"end":{"line":118,"column":36}},{"start":{"line":118,"column":40},"end":{"line":118,"column":62}},{"start":{"line":119,"column":4},"end":{"line":119,"column":26}}],"line":115},"17":{"loc":{"start":{"line":156,"column":10},"end":{"line":156,"column":45}},"type":"cond-expr","locations":[{"start":{"line":156,"column":18},"end":{"line":156,"column":28}},{"start":{"line":156,"column":31},"end":{"line":156,"column":45}}],"line":156},"18":{"loc":{"start":{"line":167,"column":9},"end":{"line":176,"column":9}},"type":"binary-expr","locations":[{"start":{"line":167,"column":9},"end":{"line":167,"column":14}},{"start":{"line":168,"column":9},"end":{"line":175,"column":15}}],"line":167}},"s":{"0":1,"1":1,"2":198,"3":198,"4":197,"5":197,"6":197,"7":197,"8":197,"9":197,"10":197,"11":197,"12":28,"13":28,"14":27,"15":26,"16":1,"17":1,"18":197,"19":28,"20":197,"21":197,"22":197,"23":197,"24":61,"25":197,"26":22,"27":22,"28":22,"29":22,"30":22,"31":22,"32":22,"33":2,"34":2,"35":20,"36":1,"37":1,"38":19,"39":1,"40":1,"41":18,"42":1,"43":1,"44":17,"45":1,"46":1,"47":16,"48":1,"49":1,"50":15,"51":1,"52":1,"53":14,"54":2,"55":2,"56":12,"57":3,"58":3,"59":9,"60":9,"61":9,"62":9,"63":9,"64":9,"65":9,"66":9,"67":4,"68":2,"69":2,"70":2,"71":5,"72":5,"73":5,"74":197,"75":22,"76":174,"77":21,"78":21,"79":21,"80":20,"81":20,"82":20},"f":{"0":198,"1":28,"2":28,"3":61,"4":22,"5":22,"6":174,"7":21,"8":21,"9":21,"10":20,"11":20,"12":20},"b":{"0":[26,1],"1":[2,20],"2":[1,19],"3":[1,18],"4":[1,17],"5":[18,17,17],"6":[1,16],"7":[17,16,16],"8":[1,15],"9":[1,14],"10":[2,12],"11":[14,13],"12":[3,9],"13":[12,11,10],"14":[2,2],"15":[2,1],"16":[5,4,3,1,2,1,1],"17":[21,176],"18":[197,21]},"_coverageSchema":"1a1c01bbd47fc00a2c39e90264f33305004495a9","hash":"1a76da88c4e648fe139b58eac5621dbee6d1ddb6"}
[...]
"5":{"start":{"line":14,"column":25},"end":{"line":14,"column":37}},"6":{"start":{"line":15,"column":39},"end":{"line":15,"column":51}},"7":{"start":{"line":16,"column":27},"end":{"line":16,"column":39}},"8":{"start":{"line":17,"column":33},"end":{"line":17,"column":45}},"9":{"start":{"line":18,"column":33},"end":{"line":18,"column":45}},"10":{"start":{"line":19,"column":33},"end":{"line":19,"column":45}},"11":{"start":{"line":20,"column":27},"end":{"line":20,"column":39}},"12":{"start":{"line":21,"column":21},"end":{"line":21,"column":33}},"13":{"start":{"line":24,"column":26},"end":{"line":37,"column":2}},"14":{"start":{"line":25,"column":2},"end":{"line":36,"column":3}},"15":{"start":{"line":26,"column":20},"end":{"line":26,"column":81}},"16":{"start":{"line":27,"column":3},"end":{"line":27,"column":30}},"17":{"start":{"line":28,"column":3},"end":{"line":28,"column":27}},"18":{"start":{"line":29,"column":3},"end":{"line":29,"column":44}},"19":{"start":{"line":30,"column":3},"end":{"line":30,"column":32}},"20":{"start":{"line":31,"column":3},"end":{"line":31,"column":38}},"21":{"start":{"line":32,"column":3},"end":{"line":32,"column":38}},"22":{"start":{"line":33,"column":3},"end":{"line":33,"column":42}},"23":{"start":{"line":35,"column":3},"end":{"line":35,"column":22}},"24":{"start":{"line":38,"column":1},"end":{"line":41,"column":8}},"25":{"start":{"line":39,"column":2},"end":{"line":39,"column":21}},"26":{"start":{"line":43,"column":24},"end":{"line":54,"column":2}},"27":{"start":{"line":44,"column":2},"end":{"line":53,"column":3}},"28":{"start":{"line":45,"column":20},"end":{"line":45,"column":68}},"29":{"start":{"line":46,"column":3},"end":{"line":48,"column":4}},"30":{"start":{"line":47,"column":4},"end":{"line":47,"column":34}},"31":{"start":{"line":50,"column":3},"end":{"line":50,"column":22}},"32":{"start":{"line":52,"column":3},"end":{"line":52,"column":59}},"33":{"start":{"line":56,"column":1},"end":{"line":58,"column":8}},"34":{"start":{"line":57,"column":2},"end":{"line":57,"column":19}},"35":{"start":{"line":60,"column":19},"end":{"line":60,"column":28}},"36":{"start":{"line":61,"column":17},"end":{"line":61,"column":24}},"37":{"start":{"line":62,"column":25},"end":{"line":62,"column":34}},"38":{"start":{"line":63,"column":17},"end":{"line":63,"column":41}},"39":{"start":{"line":63,"column":24},"end":{"line":63,"column":41}},"40":{"start":{"line":67,"column":22},"end":{"line":130,"column":2}},"41":{"start":{"line":68,"column":2},"end":{"line":68,"column":21}},"42":{"start":{"line":69,"column":2},"end":{"line":129,"column":3}},"43":{"start":{"line":70,"column":23},"end":{"line":70,"column":42}},"44":{"start":{"line":71,"column":23},"end":{"line":71,"column":49}},"45":{"start":{"line":72,"column":13},"end":{"line":72,"column":26}},"46":{"start":{"line":73,"column":13},"end":{"line":73,"column":29}},"47":{"start":{"line":75,"column":3},"end":{"line":78,"column":4}},"48":{"start":{"line":76,"column":4},"end":{"line":76,"column":36}},"49":{"start":{"line":77,"column":4},"end":{"line":77,"column":11}},"50":{"start":{"line":79,"column":3},"end":{"line":82,"column":4}},"51":{"start":{"line":80,"column":4},"end":{"line":80,"column":43}},"52":{"start":{"line":81,"column":4},"end":{"line":81,"column":11}},"53":{"start":{"line":83,"column":3},"end":{"line":86,"column":4}},"54":{"start":{"line":84,"column":4},"end":{"line":84,"column":40}},"55":{"start":{"line":85,"column":4},"end":{"line":85,"column":11}},"56":{"start":{"line":87,"column":3},"end":{"line":90,"column":4}},"57":{"start":{"line":88,"column":4},"end":{"line":88,"column":37}},"58":{"start":{"line":89,"column":4},"end":{"line":89,"column":11}},"59":{"start":{"line":91,"column":3},"end":{"line":94,"column":4}},"60":{"start":{"line":92,"column":4},"end":{"line":92,"column":40}},"61":{"start":{"line":93,"column":4},"end":{"line":93,"column":11}},"62":{"start":{"line":95,"column":3},"end":{"line":98,"column":4}},"63":{"start":{"line":96,"column":4},"end":{"line":96,"column":39}},"64":{"start":{"line":97,"column":4},"end":{"line":97,"column":11}},"65":{"start":{"line":99,"column":3},"end":{"line":102,"column":4}},"66":{"start":{"line":100,"column":4},"end":{"line":100,"column":56}},"67":{"start":{"line":101,"column":4},"end":{"line":101,"column":11}},"68":{"start":{"line":103,"column":3},"end":{"line":106,"column":4}},"69":{"start":{"line":104,"column":4},"end":{"line":104,"column":68}},"70":{"start":{"line":105,"column":4},"end":{"line":105,"column":11}},"71":{"start":{"line":108,"column":23},"end":{"line":108,"column":37}},"72":{"start":{"line":109,"column":3},"end":{"line":109,"column":43}},"73":{"start":{"line":110,"column":3},"end":{"line":110,"column":50}},"74":{"start":{"line":111,"column":3},"end":{"line":111,"column":42}},"75":{"start":{"line":112,"column":3},"end":{"line":112,"column":45}},"76":{"start":{"line":113,"column":3},"end":{"line":113,"column":47}},"77":{"start":{"line":114,"column":3},"end":{"line":114,"column":44}},"78":{"start":{"line":117,"column":20},"end":{"line":117,"column":88}},"79":{"start":{"line":120,"column":3},"end":{"line":125,"column":4}},"80":{"start":{"line":121,"column":4},"end":{"line":121,"column":50}},"81":{"start":{"line":122,"column":4},"end":{"line":122,"column":42}},"82":{"start":{"line":124,"column":4},"end":{"line":124,"column":50}},"83":{"start":{"line":127,"column":3},"end":{"line":127,"column":22}},"84":{"start":{"line":128,"column":3},"end":{"line":128,"column":39}},"85":{"start":{"line":133,"column":22},"end":{"line":144,"column":2}},"86":{"start":{"line":134,"column":2},"end":{"line":143,"column":3}},"87":{"start":{"line":136,"column":3},"end":{"line":136,"column":80}},"88":{"start":{"line":136,"column":73},"end":{"line":136,"column":80}},"89":{"start":{"line":137,"column":20},"end":{"line":137,"column":78}},"90":{"start":{"line":138,"column":3},"end":{"line":138,"column":49}},"91":{"start":{"line":139,"column":3},"end":{"line":139,"column":41}},"92":{"start":{"line":141,"column":3},"end":{"line":141,"column":22}},"93":{"start":{"line":142,"column":3},"end":{"line":142,"column":39}},"94":{"start":{"line":145,"column":1},"end":{"line":274,"column":3}},"95":{"start":{"line":163,"column":9},"end":{"line":163,"column":28}},"96":{"start":{"line":168,"column":9},"end":{"line":170,"column":18}},"97":{"start":{"line":180,"column":27},"end":{"line":180,"column":54}},"98":{"start":{"line":212,"column":26},"end":{"line":212,"column":49}},"99":{"start":{"line":221,"column":26},"end":{"line":221,"column":56}},"100":{"start":{"line":231,"column":26},"end":{"line":231,"column":87}},"101":{"start":{"line":240,"column":26},"end":{"line":240,"column":90}},"102":{"start":{"line":252,"column":10},"end":{"line":252,"column":29}}},"fnMap":{"0":{"name":"(anonymous_0)","decl":{"start":{"line":10,"column":22},"end":{"line":10,"column":23}},"loc":{"start":{"line":10,"column":28},"end":{"line":275,"column":1}},"line":10},"1":{"name":"(anonymous_1)","decl":{"start":{"line":24,"column":26},"end":{"line":24,"column":27}},"loc":{"start":{"line":24,"column":38},"end":{"line":37,"column":2}},"line":24},"2":{"name":"(anonymous_2)","decl":{"start":{"line":38,"column":11},"end":{"line":38,"column":12}},"loc":{"start":{"line":38,"column":17},"end":{"line":41,"column":2}},"line":38},"3":{"name":"(anonymous_3)","decl":{"start":{"line":43,"column":24},"end":{"line":43,"column":25}},"loc":{"start":{"line":43,"column":36},"end":{"line":54,"column":2}},"line":43},"4":{"name":"(anonymous_4)","decl":{"start":{"line":56,"column":11},"end":{"line":56,"column":12}},"loc":{"start":{"line":56,"column":17},"end":{"line":58,"column":2}},"line":56},"5":{"name":"(anonymous_5)","decl":{"start":{"line":63,"column":17},"end":{"line":63,"column":18}},"loc":{"start":{"line":63,"column":24},"end":{"line":63,"column":41}},"line":63},"6":{"name":"(anonymous_6)","decl":{"start":{"line":67,"column":22},"end":{"line":67,"column":23}},"loc":{"start":{"line":67,"column":35},"end":{"line":130,"column":2}},"line":67},"7":{"name":"(anonymous_7)","decl":{"start":{"line":133,"column":22},"end":{"line":133,"column":23}},"loc":{"start":{"line":133,"column":34},"end":{"line":144,"column":2}},"line":133},"8":{"name":"(anonymous_8)","decl":{"start":{"line":162,"column":18},"end":{"line":162,"column":19}},"loc":{"start":{"line":162,"column":29},"end":{"line":164,"column":9}},"line":162},"9":{"name":"(anonymous_9)","decl":{"start":{"line":167,"column":25},"end":{"line":167,"column":26}},"loc":{"start":{"line":168,"column":9},"end":{"line":170,"column":18}},"line":168},"10":{"name":"(anonymous_10)","decl":{"start":{"line":180,"column":20},"end":{"line":180,"column":21}},"loc":{"start":{"line":180,"column":27},"end":{"line":180,"column":54}},"line":180},"11":{"name":"(anonymous_11)","decl":{"start":{"line":212,"column":19},"end":{"line":212,"column":20}},"loc":{"start":{"line":212,"column":26},"end":{"line":212,"column":49}},"line":212},"12":{"name":"(anonymous_12)","decl":{"start":{"line":221,"column":19},"end":{"line":221,"column":20}},"loc":{"start":{"line":221,"column":26},"end":{"line":221,"column":56}},"line":221},"13":{"name":"(anonymous_13)","decl":{"start":{"line":231,"column":19},"end":{"line":231,"column":20}},"loc":{"start":{"line":231,"column":26},"end":{"line":231,"column":87}},"line":231},"14":{"name":"(anonymous_14)","decl":{"start":{"line":240,"column":19},"end":{"line":240,"column":20}},"loc":{"start":{"line":240,"column":26},"end":{"line":240,"column":90}},"line":240},"15":{"name":"(anonymous_15)","decl":{"start":{"line":251,"column":19},"end":{"line":251,"column":20}},"loc":{"start":{"line":251,"column":30},"end":{"line":253,"column":10}},"line":251}},"branchMap":{"0":{"loc":{"start":{"line":46,"column":3},"end":{"line":48,"column":4}},"type":"if","locations":[{"start":{"line":46,"column":3},"end":{"line":48,"column":4}},{"start":{},"end":{}}],"line":46},"1":{"loc":{"start":{"line":75,"column":3},"end":{"line":78,"column":4}},"type":"if","locations":[{"start":{"line":75,"column":3},"end":{"line":78,"column":4}},{"start":{},"end":{}}],"line":75},"2":{"loc":{"start":{"line":79,"column":3},"end":{"line":82,"column":4}},"type":"if","locations":[{"start":{"line":79,"column":3},"end":{"line":82,"column":4}},{"start":{},"end":{}}],"line":79},"3":{"loc":{"start":{"line":83,"column":3},"end":{"line":86,"column":4}},"type":"if","locations":[{"start":{"line":83,"column":3},"end":{"line":86,"column":4}},{"start":{},"end":{}}],"line":83},"4":{"loc":{"start":{"line":87,"column":3},"end":{"line":90,"column":4}},"type":"if","locations":[{"start":{"line":87,"column":3},"end":{"line":90,"column":4}},{"start":{},"end":{}}],"line":87},"5":{"loc":{"start":{"line":87,"column":7},"end":{"line":87,"column":55}},"type":"binary-expr","locations":[{"start":{"line":87,"column":7},"end":{"line":87,"column":19}},{"start":{"line":87,"column":23},"end":{"line":87,"column":36}},{"start":{"line":87,"column":40},"end":{"line":87,"column":55}}],"line":87},"6":{"loc":{"start":{"line":91,"column":3},"end":{"line":94,"column":4}},"type":"if","locations":[{"start":{"line":91,"column":3},"end":{"line":94,"column":4}},{"start":{},"end":{}}],"line":91},"7":{"loc":{"start":{"line":91,"column":7},"end":{"line":91,"column":61}},"type":"binary-expr","locations":[{"start":{"line":91,"column":7},"end":{"line":91,"column":22}},{"start":{"line":91,"column":26},"end":{"line":91,"column":42}},{"start":{"line":91,"column":46},"end":{"line":91,"column":61}}],"line":91},"8":{"loc":{"start":{"line":95,"column":3},"end":{"line":98,"column":4}},"type":"if","locations":[{"start":{"line":95,"column":3},"end":{"line":98,"column":4}},{"start":{},"end":{}}],"line":95},"9":{"loc":{"start":{"line":95,"column":7},"end":{"line":95,"column":44}},"type":"binary-expr","locations":[{"start":{"line":95,"column":7},"end":{"line":95,"column":12}},{"start":{"line":95,"column":16},"end":{"line":95,"column":44}}],"line":95},"10":{"loc":{"start":{"line":99,"column":3},"end":{"line":102,"column":4}},"type":"if","locations":[{"start":{"line":99,"column":3},"end":{"line":102,"column":4}},{"start":{},"end":{}}],"line":99},"11":{"loc":{"start":{"line":99,"column":7},"end":{"line":99,"column":30}},"type":"binary-expr","locations":[{"start":{"line":99,"column":7},"end":{"line":99,"column":13}},{"start":{"line":99,"column":17},"end":{"line":99,"column":30}}],"line":99},"12":{"loc":{"start":{"line":103,"column":3},"end":{"line":106,"column":4}},"type":"if","locations":[{"start":{"line":103,"column":3},"end":{"line":106,"column":4}},{"start":{},"end":{}}],"line":103},"13":{"loc":{"start":{"line":103,"column":7},"end":{"line":103,"column":52}},"type":"binary-expr","locations":[{"start":{"line":103,"column":7},"end":{"line":103,"column":27}},{"start":{"line":103,"column":31},"end":{"line":103,"column":37}},{"start":{"line":103,"column":41},"end":{"line":103,"column":52}}],"line":103},"14":{"loc":{"start":{"line":113,"column":3},"end":{"line":113,"column":46}},"type":"binary-expr","locations":[{"start":{"line":113,"column":3},"end":{"line":113,"column":8}},{"start":{"line":113,"column":12},"end":{"line":113,"column":46}}],"line":113},"15":{"loc":{"start":{"line":120,"column":3},"end":{"line":125,"column":4}},"type":"if","locations":[{"start":{"line":120,"column":3},"end":{"line":125,"column":4}},{"start":{"line":123,"column":10},"end":{"line":125,"column":4}}],"line":120},"16":{"loc":{"start":{"line":124,"column":16},"end":{"line":124,"column":48}},"type":"binary-expr","locations":[{"start":{"line":124,"column":16},"end":{"line":124,"column":29}},{"start":{"line":124,"column":33},"end":{"line":124,"column":48}}],"line":124},"17":{"loc":{"start":{"line":136,"column":3},"end":{"line":136,"column":80}},"type":"if","locations":[{"start":{"line":136,"column":3},"end":{"line":136,"column":80}},{"start":{},"end":{}}],"line":136},"18":{"loc":{"start":{"line":175,"column":10},"end":{"line":175,"column":45}},"type":"cond-expr","locations":[{"start":{"line":175,"column":18},"end":{"line":175,"column":28}},{"start":{"line":175,"column":31},"end":{"line":175,"column":45}}],"line":175},"19":{"loc":{"start":{"line":186,"column":9},"end":{"line":204,"column":9}},"type":"cond-expr","locations":[{"start":{"line":187,"column":9},"end":{"line":194,"column":15}},{"start":{"line":196,"column":9},"end":{"line":203,"column":15}}],"line":186},"20":{"loc":{"start":{"line":231,"column":35},"end":{"line":231,"column":86}},"type":"cond-expr","locations":[{"start":{"line":231,"column":59},"end":{"line":231,"column":61}},{"start":{"line":231,"column":64},"end":{"line":231,"column":86}}],"line":231},"21":{"loc":{"start":{"line":240,"column":38},"end":{"line":240,"column":89}},"type":"cond-expr","locations":[{"start":{"line":240,"column":62},"end":{"line":240,"column":64}},{"start":{"line":240,"column":67},"end":{"line":240,"column":89}}],"line":240}},"s":{"0":1,"1":1,"2":177,"3":177,"4":177,"5":176,"6":176,"7":176,"8":176,"9":176,"10":176,"11":176,"12":176,"13":176,"14":27,"15":27,"16":26,"17":26,"18":26,"19":26,"20":26,"21":26,"22":26,"23":1,"24":176,"25":27,"26":176,"27":27,"28":27,"29":25,"30":24,"31":2,"32":2,"33":176,"34":27,"35":176,"36":176,"37":176,"38":176,"39":42,"40":176,"41":15,"42":15,"43":15,"44":15,"45":15,"46":15,"47":15,"48":1,"49":1,"50":14,"51":1,"52":1,"53":13,"54":1,"55":1,"56":12,"57":1,"58":1,"59":11,"60":1,"61":1,"62":10,"63":1,"64":1,"65":9,"66":2,"67":2,"68":7,"69":3,"70":3,"71":4,"72":4,"73":4,"74":4,"75":4,"76":4,"77":4,"78":4,"79":3,"80":1,"81":1,"82":2,"83":1,"84":1,"85":176,"86":3,"87":3,"88":1,"89":2,"90":1,"91":1,"92":1,"93":1,"94":176,"95":17,"96":292,"97":18,"98":17,"99":17,"100":18,"101":18,"102":18},"f":{"0":177,"1":27,"2":27,"3":27,"4":27,"5":42,"6":15,"7":3,"8":17,"9":292,"10":18,"11":17,"12":17,"13":18,"14":18,"15":18},"b":{"0":[24,1],"1":[1,14],"2":[1,13],"3":[1,12],"4":[1,11],"5":[12,11,11],"6":[1,10],"7":[11,10,10],"8":[1,9],"9":[10,10],"10":[2,7],"11":[9,8],"12":[3,4],"13":[7,6,5],"14":[4,4],"15":[1,2],"16":[2,1],"17":[1,2],"18":[21,155],"19":[21,155],"20":[1,17],"21":[1,17]},"_coverageSchema":"1a1c01bbd47fc00a2c39e90264f33305004495a9","hash":"a91bf8cf4d905dce53cc43b0a1cdfc3add170764"}
,"D:\\cs4218-2510-ecom-project-team015\\client\\src\\pages\\user\\Dashboard.js": {"path":"D:\\cs4218-2510-ecom-project-team015\\client\\src\\pages\\user\\Dashboard.js","statementMap":{"0":{"start":{"line":5,"column":18},"end":{"line":25,"column":1}},"1":{"start":{"line":6,"column":17},"end":{"line":6,"column":26}},"2":{"start":{"line":7,"column":2},"end":{"line":24,"column":4}}},"fnMap":{"0":{"name":"(anonymous_0)","decl":{"start":{"line":5,"column":18},"end":{"line":5,"column":19}},"loc":{"start":{"line":5,"column":24},"end":{"line":25,"column":1}},"line":5}},"branchMap":{},"s":{"0":1,"1":4,"2":4},"f":{"0":4},"b":{},"_coverageSchema":"1a1c01bbd47fc00a2c39e90264f33305004495a9","hash":"b81bfde10921d818d55e5e21b06eda2bfa89d9d0"}
,"D:\\cs4218-2510-ecom-project-team015\\client\\src\\pages\\user\\Orders.js": {"path":"D:\\cs4218-2510-ecom-project-team015\\client\\src\\pages\\user\\Orders.js","statementMap":{"0":{"start":{"line":9,"column":15},"end":{"line":88,"column":1}},"1":{"start":{"line":10,"column":30},"end":{"line":10,"column":42}},"2":{"start":{"line":11,"column":26},"end":{"line":11,"column":35}},"3":{"start":{"line":12,"column":20},"end":{"line":20,"column":3}},"4":{"start":{"line":13,"column":4},"end":{"line":19,"column":5}},"5":{"start":{"line":14,"column":23},"end":{"line":14,"column":61}},"6":{"start":{"line":15,"column":6},"end":{"line":15,"column":22}},"7":{"start":{"line":17,"column":6},"end":{"line":17,"column":25}},"8":{"start":{"line":18,"column":6},"end":{"line":18,"column":76}},"9":{"start":{"line":22,"column":2},"end":{"line":24,"column":20}},"10":{"start":{"line":23,"column":4},"end":{"line":23,"column":33}},"11":{"start":{"line":23,"column":21},"end":{"line":23,"column":33}},"12":{"start":{"line":25,"column":2},"end":{"line":87,"column":4}},"13":{"start":{"line":35,"column":14},"end":{"line":81,"column":16}},"14":{"start":{"line":61,"column":22},"end":{"line":77,"column":28}}},"fnMap":{"0":{"name":"(anonymous_0)","decl":{"start":{"line":9,"column":15},"end":{"line":9,"column":16}},"loc":{"start":{"line":9,"column":21},"end":{"line":88,"column":1}},"line":9},"1":{"name":"(anonymous_1)","decl":{"start":{"line":12,"column":20},"end":{"line":12,"column":21}},"loc":{"start":{"line":12,"column":32},"end":{"line":20,"column":3}},"line":12},"2":{"name":"(anonymous_2)","decl":{"start":{"line":22,"column":12},"end":{"line":22,"column":13}},"loc":{"start":{"line":22,"column":18},"end":{"line":24,"column":3}},"line":22},"3":{"name":"(anonymous_3)","decl":{"start":{"line":34,"column":25},"end":{"line":34,"column":26}},"loc":{"start":{"line":34,"column":35},"end":{"line":82,"column":13}},"line":34},"4":{"name":"(anonymous_4)","decl":{"start":{"line":60,"column":38},"end":{"line":60,"column":39}},"loc":{"start":{"line":61,"column":22},"end":{"line":77,"column":28}},"line":61}},"branchMap":{"0":{"loc":{"start":{"line":18,"column":18},"end":{"line":18,"column":74}},"type":"binary-expr","locations":[{"start":{"line":18,"column":18},"end":{"line":18,"column":47}},{"start":{"line":18,"column":51},"end":{"line":18,"column":74}}],"line":18},"1":{"loc":{"start":{"line":23,"column":4},"end":{"line":23,"column":33}},"type":"if","locations":[{"start":{"line":23,"column":4},"end":{"line":23,"column":33}},{"start":{},"end":{}}],"line":23},"2":{"loc":{"start":{"line":54,"column":29},"end":{"line":54,"column":71}},"type":"cond-expr","locations":[{"start":{"line":54,"column":51},"end":{"line":54,"column":60}},{"start":{"line":54,"column":63},"end":{"line":54,"column":71}}],"line":54}},"s":{"0":1,"1":7,"2":7,"3":7,"4":4,"5":4,"6":2,"7":2,"8":2,"9":7,"10":5,"11":4,"12":7,"13":2,"14":3},"f":{"0":7,"1":4,"2":5,"3":2,"4":3},"b":{"0":[2,1],"1":[4,1],"2":[1,1]},"_coverageSchema":"1a1c01bbd47fc00a2c39e90264f33305004495a9","hash":"e214dac6189dc0835310c5df020b938fec1063e6"}
}
