TN:
SF:client\src\components\AdminMenu.js
FN:3,(anonymous_0)
FNF:1
FNH:1
FNDA:9,(anonymous_0)
DA:3,2
DA:4,9
LF:2
LH:2
BRF:0
BRH:0
end_of_record
TN:
SF:client\src\components\Footer.js
FN:4,(anonymous_0)
FNF:1
FNH:1
FNDA:74,(anonymous_0)
DA:4,4
DA:5,74
LF:2
LH:2
BRF:0
BRH:0
end_of_record
TN:
SF:client\src\components\Header.js
FN:10,(anonymous_0)
FN:14,(anonymous_1)
FN:63,(anonymous_2)
FNF:3
FNH:3
FNDA:79,(anonymous_0)
FNDA:1,(anonymous_1)
FNDA:2,(anonymous_2)
DA:10,4
DA:11,79
DA:12,79
DA:13,79
DA:14,79
DA:15,1
DA:20,1
DA:21,1
DA:23,79
DA:64,2
LF:10
LH:10
BRDA:76,0,0,76
BRDA:76,0,1,3
BRDA:105,1,0,1
BRDA:105,1,1,2
BRF:4
BRH:4
end_of_record
TN:
SF:client\src\components\Layout.js
FN:8,(anonymous_0)
FNF:1
FNH:1
FNDA:73,(anonymous_0)
DA:8,4
DA:15,73
LF:2
LH:2
BRDA:10,0,0,1
BRDA:11,1,0,73
BRDA:12,2,0,73
BRDA:13,3,0,73
BRF:4
BRH:4
end_of_record
TN:
SF:client\src\components\Spinner.js
FN:3,(anonymous_0)
FN:8,(anonymous_1)
FN:9,(anonymous_2)
FN:10,(anonymous_3)
FN:15,(anonymous_4)
FNF:5
FNH:5
FNDA:6,(anonymous_0)
FNDA:6,(anonymous_1)
FNDA:6,(anonymous_2)
FNDA:6,(anonymous_3)
FNDA:6,(anonymous_4)
DA:3,1
DA:4,6
DA:5,6
DA:6,6
DA:8,6
DA:9,6
DA:10,6
DA:12,6
DA:15,6
DA:17,6
LF:10
LH:10
BRDA:3,0,0,2
BRDA:12,1,0,6
BRDA:12,1,1,2
BRF:3
BRH:3
end_of_record
TN:
SF:client\src\components\UserMenu.js
FN:3,(anonymous_0)
FNF:1
FNH:1
FNDA:10,(anonymous_0)
DA:3,3
DA:4,10
LF:2
LH:2
BRF:0
BRH:0
end_of_record
TN:
SF:client\src\components\Form\CategoryForm.js
FN:3,(anonymous_0)
FN:13,(anonymous_1)
FNF:2
FNH:2
FNDA:5,(anonymous_0)
FNDA:1,(anonymous_1)
DA:3,1
DA:4,5
DA:13,1
LF:3
LH:3
BRF:0
BRH:0
end_of_record
TN:
SF:client\src\components\Form\SearchInput.js
FN:5,(anonymous_0)
FN:9,(anonymous_1)
FN:30,(anonymous_2)
FNF:3
FNH:3
FNDA:85,(anonymous_0)
FNDA:3,(anonymous_1)
FNDA:1,(anonymous_2)
DA:5,5
DA:6,85
DA:7,85
DA:9,85
DA:10,3
DA:11,3
DA:12,3
DA:15,1
DA:16,1
DA:18,2
DA:21,85
DA:30,1
LF:12
LH:12
BRF:0
BRH:0
end_of_record
TN:
SF:client\src\components\Routes\Private.js
FN:9,PrivateRoute
FN:14,(anonymous_1)
FN:15,(anonymous_2)
FNF:3
FNH:3
FNDA:5,PrivateRoute
FNDA:4,(anonymous_1)
FNDA:3,(anonymous_2)
DA:10,5
DA:11,5
DA:14,5
DA:15,4
DA:16,3
DA:17,3
DA:18,2
DA:20,1
DA:21,1
DA:25,4
DA:28,5
LF:11
LH:11
BRDA:25,0,0,3
BRDA:25,0,1,1
BRDA:28,1,0,1
BRDA:28,1,1,4
BRF:4
BRH:4
end_of_record
TN:
SF:client\src\context\auth.js
FN:7,(anonymous_0)
FN:16,(anonymous_1)
FN:36,(anonymous_2)
FNF:3
FNH:3
FNDA:3,(anonymous_0)
FNDA:2,(anonymous_1)
FNDA:3,(anonymous_2)
DA:5,6
DA:7,6
DA:8,3
DA:14,3
DA:16,3
DA:17,2
DA:18,2
DA:19,1
DA:20,1
DA:28,3
DA:36,6
LF:11
LH:11
BRDA:18,0,0,1
BRDA:18,0,1,1
BRF:2
BRH:2
end_of_record
TN:
SF:client\src\context\search.js
FN:6,(anonymous_0)
FN:20,(anonymous_1)
FNF:2
FNH:2
FNDA:3,(anonymous_0)
FNDA:3,(anonymous_1)
DA:5,2
DA:6,2
DA:7,3
DA:12,3
DA:20,3
LF:5
LH:5
BRF:0
BRH:0
end_of_record
TN:
SF:client\src\pages\About.js
FN:4,(anonymous_0)
FNF:1
FNH:1
FNDA:3,(anonymous_0)
DA:4,1
DA:5,3
LF:2
LH:2
BRF:0
BRH:0
end_of_record
TN:
SF:client\src\pages\CategoryProduct.js
FN:6,(anonymous_0)
FN:12,(anonymous_1)
FN:15,(anonymous_2)
FN:35,(anonymous_3)
FN:58,(anonymous_4)
FNF:5
FNH:5
FNDA:12,(anonymous_0)
FNDA:7,(anonymous_1)
FNDA:6,(anonymous_2)
FNDA:5,(anonymous_3)
FNDA:1,(anonymous_4)
DA:6,1
DA:7,12
DA:8,12
DA:9,12
DA:10,12
DA:12,12
DA:13,7
DA:15,12
DA:16,6
DA:17,6
DA:20,5
DA:21,5
DA:23,1
DA:27,12
DA:36,5
DA:58,1
LF:16
LH:16
BRDA:13,0,0,6
BRDA:13,0,1,1
BRF:2
BRH:2
end_of_record
TN:
SF:client\src\pages\Contact.js
FN:5,(anonymous_0)
FNF:1
FNH:1
FNDA:7,(anonymous_0)
DA:5,1
DA:6,7
LF:2
LH:2
BRF:0
BRH:0
end_of_record
TN:
SF:client\src\pages\HomePage.js
FN:12,(anonymous_0)
FN:24,(anonymous_1)
FN:35,(anonymous_2)
FN:40,(anonymous_3)
FN:53,(anonymous_4)
FN:62,(anonymous_5)
FN:67,(anonymous_6)
FN:80,(anonymous_7)
FN:85,(anonymous_8)
FN:89,(anonymous_9)
FN:93,(anonymous_10)
FN:98,(anonymous_11)
FN:123,(anonymous_12)
FN:126,(anonymous_13)
FN:135,(anonymous_14)
FN:136,(anonymous_15)
FN:146,(anonymous_16)
FN:155,(anonymous_17)
FN:178,(anonymous_18)
FN:184,(anonymous_19)
FN:204,(anonymous_20)
FNF:21
FNH:18
FNDA:39,(anonymous_0)
FNDA:9,(anonymous_1)
FNDA:9,(anonymous_2)
FNDA:12,(anonymous_3)
FNDA:9,(anonymous_4)
FNDA:10,(anonymous_5)
FNDA:1,(anonymous_6)
FNDA:3,(anonymous_7)
FNDA:1,(anonymous_8)
FNDA:12,(anonymous_9)
FNDA:12,(anonymous_10)
FNDA:2,(anonymous_11)
FNDA:20,(anonymous_12)
FNDA:3,(anonymous_13)
FNDA:0,(anonymous_14)
FNDA:228,(anonymous_15)
FNDA:0,(anonymous_16)
FNDA:21,(anonymous_17)
FNDA:0,(anonymous_18)
FNDA:1,(anonymous_19)
FNDA:1,(anonymous_20)
DA:12,1
DA:13,39
DA:14,39
DA:15,39
DA:16,38
DA:17,38
DA:18,38
DA:19,38
DA:20,38
DA:21,38
DA:24,38
DA:25,9
DA:26,9
DA:27,8
DA:28,8
DA:31,1
DA:35,38
DA:36,9
DA:37,9
DA:40,38
DA:41,12
DA:42,12
DA:43,12
DA:44,9
DA:45,9
DA:47,3
DA:48,3
DA:53,38
DA:54,9
DA:55,9
DA:56,9
DA:58,0
DA:62,38
DA:63,10
DA:64,1
DA:67,38
DA:68,1
DA:69,1
DA:70,1
DA:71,1
DA:72,1
DA:74,0
DA:75,0
DA:80,38
DA:81,3
DA:82,3
DA:83,2
DA:85,1
DA:87,3
DA:89,38
DA:90,12
DA:93,38
DA:94,12
DA:98,38
DA:99,2
DA:100,2
DA:104,1
DA:106,1
DA:109,38
DA:124,20
DA:126,3
DA:135,0
DA:137,228
DA:146,0
DA:156,21
DA:178,0
DA:185,1
DA:186,1
DA:190,1
DA:205,1
DA:206,1
LF:71
LH:65
BRDA:27,0,0,8
BRDA:27,0,1,0
BRDA:63,1,0,9
BRDA:63,1,1,1
BRDA:82,2,0,2
BRDA:82,2,1,1
BRDA:90,3,0,12
BRDA:90,3,1,0
BRDA:90,4,0,12
BRDA:90,4,1,2
BRDA:94,5,0,2
BRDA:94,5,1,10
BRDA:94,6,0,12
BRDA:94,6,1,10
BRDA:201,7,0,38
BRDA:201,7,1,38
BRDA:201,7,2,5
BRDA:209,8,0,1
BRDA:209,8,1,4
BRF:19
BRH:17
end_of_record
TN:
SF:client\src\pages\Pagenotfound.js
FN:5,(anonymous_0)
FNF:1
FNH:1
FNDA:3,(anonymous_0)
DA:5,1
DA:6,3
LF:2
LH:2
BRF:0
BRH:0
end_of_record
TN:
SF:client\src\pages\Policy.js
FN:4,(anonymous_0)
FNF:1
FNH:1
FNDA:8,(anonymous_0)
DA:4,1
DA:5,8
LF:2
LH:2
BRF:0
BRH:0
end_of_record
TN:
SF:client\src\pages\ProductDetails.js
FN:7,(anonymous_0)
FN:14,(anonymous_1)
FN:18,(anonymous_2)
FN:30,(anonymous_3)
FN:75,(anonymous_4)
FN:98,(anonymous_5)
FNF:6
FNH:6
FNDA:16,(anonymous_0)
FNDA:9,(anonymous_1)
FNDA:8,(anonymous_2)
FNDA:6,(anonymous_3)
FNDA:1,(anonymous_4)
FNDA:1,(anonymous_5)
DA:7,1
DA:8,16
DA:9,16
DA:10,16
DA:11,15
DA:14,15
DA:15,9
DA:18,15
DA:19,8
DA:20,8
DA:23,6
DA:24,6
DA:26,2
DA:30,15
DA:31,6
DA:32,6
DA:35,6
DA:37,0
DA:40,15
DA:76,1
DA:98,1
LF:21
LH:20
BRDA:15,0,0,8
BRDA:15,0,1,1
BRDA:71,1,0,15
BRDA:71,1,1,14
BRF:4
BRH:4
end_of_record
TN:
SF:client\src\pages\Search.js
FN:4,(anonymous_0)
FN:17,(anonymous_1)
FNF:2
FNH:2
FNDA:4,(anonymous_0)
FNDA:7,(anonymous_1)
DA:4,1
DA:5,4
DA:6,4
DA:18,7
LF:4
LH:4
BRDA:12,0,0,1
BRDA:12,0,1,3
BRF:2
BRH:2
end_of_record
TN:
SF:client\src\pages\Auth\Login.js
FN:9,(anonymous_0)
FN:20,(anonymous_1)
FN:65,(anonymous_2)
FN:76,(anonymous_3)
FN:87,(anonymous_4)
FNF:5
FNH:5
FNDA:18,(anonymous_0)
FNDA:4,(anonymous_1)
FNDA:5,(anonymous_2)
FNDA:5,(anonymous_3)
FNDA:1,(anonymous_4)
DA:9,1
DA:10,18
DA:11,18
DA:12,18
DA:15,18
DA:16,18
DA:20,18
DA:21,4
DA:22,4
DA:23,4
DA:27,2
DA:28,1
DA:36,1
DA:41,1
DA:42,1
DA:44,1
DA:47,2
DA:50,2
DA:51,2
DA:54,18
DA:65,5
DA:76,5
DA:88,1
LF:23
LH:23
BRDA:27,0,0,1
BRDA:27,0,1,1
BRDA:27,1,0,2
BRDA:27,1,1,2
BRDA:28,2,0,1
BRDA:28,2,1,1
BRDA:42,3,0,1
BRDA:42,3,1,1
BRDA:50,4,0,2
BRDA:50,4,1,1
BRF:10
BRH:10
end_of_record
TN:
SF:client\src\pages\Auth\Register.js
FN:8,(anonymous_0)
FN:19,(anonymous_1)
FN:54,(anonymous_2)
FN:66,(anonymous_3)
FN:77,(anonymous_4)
FN:88,(anonymous_5)
FN:99,(anonymous_6)
FN:110,(anonymous_7)
FN:121,(anonymous_8)
FNF:9
FNH:9
FNDA:33,(anonymous_0)
FNDA:4,(anonymous_1)
FNDA:4,(anonymous_2)
FNDA:4,(anonymous_3)
FNDA:4,(anonymous_4)
FNDA:4,(anonymous_5)
FNDA:4,(anonymous_6)
FNDA:4,(anonymous_7)
FNDA:4,(anonymous_8)
DA:8,1
DA:9,33
DA:10,33
DA:11,33
DA:12,33
DA:13,33
DA:14,33
DA:15,33
DA:16,33
DA:19,33
DA:20,4
DA:21,4
DA:22,4
DA:31,2
DA:32,1
DA:33,1
DA:35,1
DA:38,2
DA:40,2
DA:41,2
DA:45,33
DA:54,4
DA:66,4
DA:77,4
DA:88,4
DA:99,4
DA:110,4
DA:121,4
LF:28
LH:28
BRDA:31,0,0,1
BRDA:31,0,1,1
BRDA:31,1,0,2
BRDA:31,1,1,2
BRDA:40,2,0,2
BRDA:40,2,1,1
BRF:6
BRH:6
end_of_record
TN:
SF:client\src\pages\admin\AdminDashboard.js
FN:5,(anonymous_0)
FNF:1
FNH:1
FNDA:4,(anonymous_0)
DA:5,1
DA:6,4
DA:7,4
LF:3
LH:3
BRF:0
BRH:0
end_of_record
TN:
SF:client\src\pages\admin\AdminOrders.js
FN:11,(anonymous_0)
FN:25,(anonymous_1)
FN:34,(anonymous_2)
FN:38,(anonymous_3)
FN:56,(anonymous_4)
FN:76,(anonymous_5)
FN:79,(anonymous_6)
FN:94,(anonymous_7)
FNF:8
FNH:8
FNDA:21,(anonymous_0)
FNDA:12,(anonymous_1)
FNDA:11,(anonymous_2)
FNDA:3,(anonymous_3)
FNDA:8,(anonymous_4)
FNDA:3,(anonymous_5)
FNDA:40,(anonymous_6)
FNDA:2,(anonymous_7)
DA:9,1
DA:11,1
DA:13,21
DA:23,20
DA:24,20
DA:25,20
DA:26,12
DA:27,12
DA:28,11
DA:30,1
DA:34,20
DA:35,11
DA:38,20
DA:39,3
DA:40,3
DA:43,2
DA:45,1
DA:48,20
DA:57,8
DA:76,3
DA:80,40
DA:95,2
LF:22
LH:22
BRDA:35,0,0,10
BRDA:35,0,1,1
BRDA:88,1,0,6
BRDA:88,1,1,2
BRF:4
BRH:4
end_of_record
TN:
SF:client\src\pages\admin\CreateCategory.js
FN:8,(anonymous_0)
FN:16,(anonymous_1)
FN:17,(anonymous_2)
FN:17,(anonymous_3)
FN:22,(anonymous_4)
FN:59,(anonymous_5)
FN:72,(anonymous_6)
FN:79,(anonymous_7)
FN:88,(anonymous_8)
FN:117,(anonymous_9)
FN:155,(anonymous_10)
FN:162,(anonymous_11)
FN:172,(anonymous_12)
FN:185,(anonymous_13)
FNF:14
FNH:14
FNDA:73,(anonymous_0)
FNDA:30,(anonymous_1)
FNDA:7,(anonymous_2)
FNDA:9,(anonymous_3)
FNDA:8,(anonymous_4)
FNDA:30,(anonymous_5)
FNDA:24,(anonymous_6)
FNDA:7,(anonymous_7)
FNDA:12,(anonymous_8)
FNDA:3,(anonymous_9)
FNDA:90,(anonymous_10)
FNDA:8,(anonymous_11)
FNDA:3,(anonymous_12)
FNDA:1,(anonymous_13)
DA:8,1
DA:9,73
DA:10,72
DA:11,72
DA:12,72
DA:13,72
DA:16,72
DA:17,72
DA:22,72
DA:23,8
DA:25,8
DA:27,8
DA:28,1
DA:29,1
DA:31,7
DA:32,1
DA:33,1
DA:36,6
DA:37,6
DA:40,4
DA:41,3
DA:42,3
DA:43,3
DA:45,1
DA:48,2
DA:50,2
DA:51,1
DA:53,1
DA:59,72
DA:60,30
DA:61,30
DA:62,29
DA:63,28
DA:66,1
DA:68,1
DA:72,72
DA:73,24
DA:79,72
DA:80,7
DA:81,7
DA:83,7
DA:84,1
DA:85,1
DA:88,12
DA:89,6
DA:90,1
DA:91,1
DA:94,5
DA:95,5
DA:98,3
DA:99,2
DA:100,2
DA:101,2
DA:102,2
DA:103,2
DA:105,1
DA:109,2
DA:110,1
DA:112,1
DA:117,72
DA:118,3
DA:119,3
DA:120,2
DA:122,1
DA:124,1
DA:126,1
DA:130,1
DA:133,72
DA:156,90
DA:163,8
DA:164,8
DA:165,8
DA:173,3
DA:185,1
LF:74
LH:74
BRDA:16,0,0,1
BRDA:27,1,0,1
BRDA:27,1,1,7
BRDA:31,2,0,1
BRDA:31,2,1,6
BRDA:40,3,0,3
BRDA:40,3,1,1
BRDA:50,4,0,1
BRDA:50,4,1,1
BRDA:62,5,0,28
BRDA:62,5,1,1
BRDA:83,6,0,1
BRDA:83,6,1,6
BRDA:88,7,0,12
BRDA:88,7,1,6
BRDA:89,8,0,1
BRDA:89,8,1,5
BRDA:98,9,0,2
BRDA:98,9,1,1
BRDA:109,10,0,1
BRDA:109,10,1,1
BRDA:120,11,0,1
BRDA:120,11,1,1
BRF:23
BRH:23
end_of_record
TN:
SF:client\src\pages\admin\CreateProduct.js
FN:10,(anonymous_0)
FN:22,(anonymous_1)
FN:36,(anonymous_2)
FN:44,(anonymous_3)
FN:48,(anonymous_4)
FN:143,(anonymous_5)
FN:148,(anonymous_6)
FN:161,(anonymous_7)
FN:184,(anonymous_8)
FN:193,(anonymous_9)
FN:203,(anonymous_10)
FN:212,(anonymous_11)
FN:222,(anonymous_12)
FNF:13
FNH:13
FNDA:198,(anonymous_0)
FNDA:28,(anonymous_1)
FNDA:28,(anonymous_2)
FNDA:61,(anonymous_3)
FNDA:22,(anonymous_4)
FNDA:22,(anonymous_5)
FNDA:174,(anonymous_6)
FNDA:21,(anonymous_7)
FNDA:21,(anonymous_8)
FNDA:21,(anonymous_9)
FNDA:20,(anonymous_10)
FNDA:20,(anonymous_11)
FNDA:20,(anonymous_12)
DA:8,1
DA:10,1
DA:11,198
DA:12,198
DA:13,197
DA:14,197
DA:15,197
DA:16,197
DA:17,197
DA:18,197
DA:19,197
DA:22,197
DA:23,28
DA:24,28
DA:25,27
DA:26,26
DA:29,1
DA:32,1
DA:36,197
DA:37,28
DA:40,197
DA:41,197
DA:42,197
DA:44,197
DA:48,197
DA:49,22
DA:51,22
DA:52,22
DA:53,22
DA:54,22
DA:56,22
DA:57,22
DA:58,2
DA:59,2
DA:61,20
DA:62,1
DA:63,1
DA:65,19
DA:66,1
DA:67,1
DA:69,18
DA:70,1
DA:71,1
DA:73,17
DA:74,1
DA:75,1
DA:77,16
DA:78,1
DA:79,1
DA:81,15
DA:82,1
DA:83,1
DA:86,14
DA:87,2
DA:88,2
DA:90,12
DA:91,3
DA:92,3
DA:95,9
DA:96,9
DA:97,9
DA:98,9
DA:99,9
DA:100,9
DA:101,9
DA:104,9
DA:106,4
DA:108,2
DA:109,2
DA:111,2
DA:115,5
DA:121,5
DA:122,5
DA:126,197
DA:144,22
DA:149,174
DA:161,21
DA:184,21
DA:193,21
DA:203,20
DA:212,20
DA:223,20
LF:82
LH:82
BRDA:25,0,0,26
BRDA:25,0,1,1
BRDA:57,1,0,2
BRDA:57,1,1,20
BRDA:61,2,0,1
BRDA:61,2,1,19
BRDA:65,3,0,1
BRDA:65,3,1,18
BRDA:69,4,0,1
BRDA:69,4,1,17
BRDA:69,5,0,18
BRDA:69,5,1,17
BRDA:69,5,2,17
BRDA:73,6,0,1
BRDA:73,6,1,16
BRDA:73,7,0,17
BRDA:73,7,1,16
BRDA:73,7,2,16
BRDA:77,8,0,1
BRDA:77,8,1,15
BRDA:81,9,0,1
BRDA:81,9,1,14
BRDA:86,10,0,2
BRDA:86,10,1,12
BRDA:86,11,0,14
BRDA:86,11,1,13
BRDA:90,12,0,3
BRDA:90,12,1,9
BRDA:90,13,0,12
BRDA:90,13,1,11
BRDA:90,13,2,10
BRDA:106,14,0,2
BRDA:106,14,1,2
BRDA:111,15,0,2
BRDA:111,15,1,1
BRDA:115,16,0,5
BRDA:115,16,1,4
BRDA:115,16,2,3
BRDA:115,16,3,1
BRDA:115,16,4,2
BRDA:115,16,5,1
BRDA:115,16,6,1
BRDA:156,17,0,21
BRDA:156,17,1,176
BRDA:167,18,0,197
BRDA:167,18,1,21
BRF:46
BRH:46
end_of_record
TN:
SF:client\src\pages\admin\Products.js
FN:7,(anonymous_0)
FN:11,(anonymous_1)
FN:23,(anonymous_2)
FN:39,(anonymous_3)
FNF:4
FNH:4
FNDA:10,(anonymous_0)
FNDA:6,(anonymous_1)
FNDA:6,(anonymous_2)
FNDA:2,(anonymous_3)
DA:7,1
DA:8,10
DA:11,10
DA:12,6
DA:13,6
DA:14,4
DA:16,2
DA:18,2
DA:23,10
DA:24,6
DA:26,10
DA:40,2
LF:12
LH:12
BRF:0
BRH:0
end_of_record
TN:
SF:client\src\pages\admin\UpdateProduct.js
FN:10,(anonymous_0)
FN:24,(anonymous_1)
FN:38,(anonymous_2)
FN:43,(anonymous_3)
FN:56,(anonymous_4)
FN:63,(anonymous_5)
FN:67,(anonymous_6)
FN:133,(anonymous_7)
FN:162,(anonymous_8)
FN:167,(anonymous_9)
FN:180,(anonymous_10)
FN:212,(anonymous_11)
FN:221,(anonymous_12)
FN:231,(anonymous_13)
FN:240,(anonymous_14)
FN:251,(anonymous_15)
FNF:16
FNH:16
FNDA:177,(anonymous_0)
FNDA:27,(anonymous_1)
FNDA:27,(anonymous_2)
FNDA:27,(anonymous_3)
FNDA:27,(anonymous_4)
FNDA:42,(anonymous_5)
FNDA:15,(anonymous_6)
FNDA:3,(anonymous_7)
FNDA:17,(anonymous_8)
FNDA:292,(anonymous_9)
FNDA:18,(anonymous_10)
FNDA:17,(anonymous_11)
FNDA:17,(anonymous_12)
FNDA:18,(anonymous_13)
FNDA:18,(anonymous_14)
FNDA:18,(anonymous_15)
DA:8,1
DA:10,1
DA:11,177
DA:12,177
DA:13,177
DA:14,176
DA:15,176
DA:16,176
DA:17,176
DA:18,176
DA:19,176
DA:20,176
DA:21,176
DA:24,176
DA:25,27
DA:26,27
DA:27,26
DA:28,26
DA:29,26
DA:30,26
DA:31,26
DA:32,26
DA:33,26
DA:35,1
DA:38,176
DA:39,27
DA:43,176
DA:44,27
DA:45,27
DA:46,25
DA:47,24
DA:50,2
DA:52,2
DA:56,176
DA:57,27
DA:60,176
DA:61,176
DA:62,176
DA:63,176
DA:67,176
DA:68,15
DA:69,15
DA:70,15
DA:71,15
DA:72,15
DA:73,15
DA:75,15
DA:76,1
DA:77,1
DA:79,14
DA:80,1
DA:81,1
DA:83,13
DA:84,1
DA:85,1
DA:87,12
DA:88,1
DA:89,1
DA:91,11
DA:92,1
DA:93,1
DA:95,10
DA:96,1
DA:97,1
DA:99,9
DA:100,2
DA:101,2
DA:103,7
DA:104,3
DA:105,3
DA:108,4
DA:109,4
DA:110,4
DA:111,4
DA:112,4
DA:113,4
DA:114,4
DA:117,4
DA:120,3
DA:121,1
DA:122,1
DA:124,2
DA:127,1
DA:128,1
DA:133,176
DA:134,3
DA:136,3
DA:137,2
DA:138,1
DA:139,1
DA:141,1
DA:142,1
DA:145,176
DA:163,17
DA:168,292
DA:180,18
DA:212,17
DA:221,17
DA:231,18
DA:240,18
DA:252,18
LF:101
LH:101
BRDA:46,0,0,24
BRDA:46,0,1,1
BRDA:75,1,0,1
BRDA:75,1,1,14
BRDA:79,2,0,1
BRDA:79,2,1,13
BRDA:83,3,0,1
BRDA:83,3,1,12
BRDA:87,4,0,1
BRDA:87,4,1,11
BRDA:87,5,0,12
BRDA:87,5,1,11
BRDA:87,5,2,11
BRDA:91,6,0,1
BRDA:91,6,1,10
BRDA:91,7,0,11
BRDA:91,7,1,10
BRDA:91,7,2,10
BRDA:95,8,0,1
BRDA:95,8,1,9
BRDA:95,9,0,10
BRDA:95,9,1,10
BRDA:99,10,0,2
BRDA:99,10,1,7
BRDA:99,11,0,9
BRDA:99,11,1,8
BRDA:103,12,0,3
BRDA:103,12,1,4
BRDA:103,13,0,7
BRDA:103,13,1,6
BRDA:103,13,2,5
BRDA:113,14,0,4
BRDA:113,14,1,4
BRDA:120,15,0,1
BRDA:120,15,1,2
BRDA:124,16,0,2
BRDA:124,16,1,1
BRDA:136,17,0,1
BRDA:136,17,1,2
BRDA:175,18,0,21
BRDA:175,18,1,155
BRDA:186,19,0,21
BRDA:186,19,1,155
BRDA:231,20,0,1
BRDA:231,20,1,17
BRDA:240,21,0,1
BRDA:240,21,1,17
BRF:47
BRH:47
end_of_record
TN:
SF:client\src\pages\user\Dashboard.js
FN:5,(anonymous_0)
FNF:1
FNH:1
FNDA:4,(anonymous_0)
DA:5,1
DA:6,4
DA:7,4
LF:3
LH:3
BRF:0
BRH:0
end_of_record
TN:
SF:client\src\pages\user\Orders.js
FN:9,(anonymous_0)
FN:12,(anonymous_1)
FN:22,(anonymous_2)
FN:34,(anonymous_3)
FN:60,(anonymous_4)
FNF:5
FNH:5
FNDA:7,(anonymous_0)
FNDA:4,(anonymous_1)
FNDA:5,(anonymous_2)
FNDA:2,(anonymous_3)
FNDA:3,(anonymous_4)
DA:9,1
DA:10,7
DA:11,7
DA:12,7
DA:13,4
DA:14,4
DA:15,2
DA:17,2
DA:18,2
DA:22,7
DA:23,5
DA:25,7
DA:35,2
DA:61,3
LF:14
LH:14
BRDA:18,0,0,2
BRDA:18,0,1,1
BRDA:23,1,0,4
BRDA:23,1,1,1
BRDA:54,2,0,1
BRDA:54,2,1,1
BRF:6
BRH:6
end_of_record
