TN:
SF:client\src\context\auth.js
FN:6,(anonymous_0)
FN:15,(anonymous_1)
FN:35,(anonymous_2)
FNF:3
FNH:0
FNDA:0,(anonymous_0)
FNDA:0,(anonymous_1)
FNDA:0,(anonymous_2)
DA:4,0
DA:6,0
DA:7,0
DA:13,0
DA:15,0
DA:16,0
DA:17,0
DA:18,0
DA:19,0
DA:27,0
DA:35,0
LF:11
LH:0
BRDA:17,0,0,0
BRDA:17,0,1,0
BRF:2
BRH:0
end_of_record
TN:
SF:client\src\context\cart.js
FN:4,(anonymous_0)
FN:7,(anonymous_1)
FN:20,(anonymous_2)
FNF:3
FNH:0
FNDA:0,(anonymous_0)
FNDA:0,(anonymous_1)
FNDA:0,(anonymous_2)
DA:3,0
DA:4,0
DA:5,0
DA:7,0
DA:8,0
DA:9,0
DA:12,0
DA:20,0
LF:8
LH:0
BRDA:9,0,0,0
BRDA:9,0,1,0
BRF:2
BRH:0
end_of_record
TN:
SF:client\src\context\search.js
FN:6,(anonymous_0)
FN:17,(anonymous_1)
FNF:2
FNH:2
FNDA:3,(anonymous_0)
FNDA:8,(anonymous_1)
DA:4,1
DA:6,1
DA:7,3
DA:9,3
DA:17,1
DA:18,8
DA:19,7
DA:20,3
LF:8
LH:8
BRDA:19,0,0,4
BRDA:19,0,1,3
BRF:2
BRH:2
end_of_record
